<?xml version="1.0" encoding="UTF-8"?>
<testsuite xmlns:xsi="http://www.w3.org/2001/XMLSchema-instance" xsi:noNamespaceSchemaLocation="https://maven.apache.org/surefire/maven-failsafe-plugin/xsd/failsafe-test-report-3.0.xsd" version="3.0" name="CucumberTestSuite" time="15.556" tests="6" errors="6" skipped="0" failures="0">
  <properties>
[...]
</properties>
  <testcase name="As a user I want to login" classname="Auth" time="8.095">
    <error message="Could not instantiate class org.openqa.selenium.chrome.ChromeDriver" type="net.thucydides.core.webdriver.DriverConfigurationError"><![CDATA[net.thucydides.core.webdriver.DriverConfigurationError: Could not instantiate class org.openqa.selenium.chrome.ChromeDriver
	at net.thucydides.core.webdriver.WebDriverFacade.newDriverInstance(WebDriverFacade.java:146)
	at net.thucydides.core.webdriver.WebDriverFacade.newProxyDriver(WebDriverFacade.java:134)
	at net.thucydides.core.webdriver.WebDriverFacade.getProxiedDriver(WebDriverFacade.java:104)
	at net.thucydides.core.webdriver.WebDriverFacade.get(WebDriverFacade.java:174)
	at net.serenitybdd.core.pages.PageObject.openPageAtUrl(PageObject.java:983)
	at net.serenitybdd.core.pages.PageObject.openUrl(PageObject.java:929)
	at pages.LoginPage.openUrl(LoginPage.java:31)
	at pages.LoginPage$ByteBuddy$a9tUPVuO.openUrl$accessor$0M71D06Y(Unknown Source)
	at java.base/jdk.internal.reflect.DirectMethodHandleAccessor.invoke(DirectMethodHandleAccessor.java:104)
	at java.base/java.lang.reflect.Method.invoke(Method.java:577)
	at net.thucydides.core.steps.StepInterceptor.invokeMethod(StepInterceptor.java:503)
	at net.thucydides.core.steps.StepInterceptor.executeTestStepMethod(StepInterceptor.java:483)
	at net.thucydides.core.steps.StepInterceptor.runTestStep(StepInterceptor.java:457)
	at net.thucydides.core.steps.StepInterceptor.runOrSkipMethod(StepInterceptor.java:209)
	at net.thucydides.core.steps.StepInterceptor.testStepResult(StepInterceptor.java:196)
	at net.thucydides.core.steps.StepInterceptor.intercept(StepInterceptor.java:84)
	at net.thucydides.core.steps.ProxyConfiguration$InterceptorDispatcher.intercept(ProxyConfiguration.java:51)
	at pages.LoginPage$ByteBuddy$a9tUPVuO.openUrl(Unknown Source)
	at stepdefinitions.LoginSteps.iAmOnTheLoginPage(LoginSteps.java:21)
	at ✽.I am on the login page(file:///D:/Elionds/Kuliah/Kuli%20ah/Semester%208/Studi%20Independen/Alta/web%20ui%20test/MiniProject-WebUI-master/src/test/resources/features/auth.feature:7)
Caused by: net.thucydides.core.webdriver.DriverConfigurationError: Could not instantiate new WebDriver instance of type class org.openqa.selenium.chrome.ChromeDriver (Could not start a new session. Possible causes are invalid address of the remote server or browser start-up failure.). See below for more details.
	at net.thucydides.core.webdriver.WebDriverFactory.newWebdriverInstance(WebDriverFactory.java:146)
	at net.thucydides.core.webdriver.WebDriverFacade.newDriverInstance(WebDriverFacade.java:143)
	at net.thucydides.core.webdriver.WebDriverFacade.newProxyDriver(WebDriverFacade.java:134)
	at net.thucydides.core.webdriver.WebDriverFacade.getProxiedDriver(WebDriverFacade.java:104)
	at net.thucydides.core.webdriver.WebDriverFacade.get(WebDriverFacade.java:174)
	at net.serenitybdd.core.pages.PageObject.openPageAtUrl(PageObject.java:983)
	at net.serenitybdd.core.pages.PageObject.openUrl(PageObject.java:929)
	at pages.LoginPage.openUrl(LoginPage.java:31)
	at pages.LoginPage$ByteBuddy$a9tUPVuO.openUrl$accessor$0M71D06Y(Unknown Source)
	at java.base/jdk.internal.reflect.DirectMethodHandleAccessor.invoke(DirectMethodHandleAccessor.java:104)
	at java.base/java.lang.reflect.Method.invoke(Method.java:577)
	at net.thucydides.core.steps.StepInterceptor.invokeMethod(StepInterceptor.java:503)
	at net.thucydides.core.steps.StepInterceptor.executeTestStepMethod(StepInterceptor.java:483)
	at net.thucydides.core.steps.StepInterceptor.runTestStep(StepInterceptor.java:457)
	at net.thucydides.core.steps.StepInterceptor.runOrSkipMethod(StepInterceptor.java:209)
	at net.thucydides.core.steps.StepInterceptor.testStepResult(StepInterceptor.java:196)
	at net.thucydides.core.steps.StepInterceptor.intercept(StepInterceptor.java:84)
	at net.thucydides.core.steps.ProxyConfiguration$InterceptorDispatcher.intercept(ProxyConfiguration.java:51)
	at pages.LoginPage$ByteBuddy$a9tUPVuO.openUrl(Unknown Source)
	at stepdefinitions.LoginSteps.iAmOnTheLoginPage(LoginSteps.java:21)
	at java.base/jdk.internal.reflect.DirectMethodHandleAccessor.invoke(DirectMethodHandleAccessor.java:104)
	at java.base/java.lang.reflect.Method.invoke(Method.java:577)
	at io.cucumber.java.Invoker.doInvoke(Invoker.java:66)
	at io.cucumber.java.Invoker.invoke(Invoker.java:24)
	at io.cucumber.java.AbstractGlueDefinition.invokeMethod(AbstractGlueDefinition.java:47)
	at io.cucumber.java.JavaStepDefinition.execute(JavaStepDefinition.java:29)
	at io.cucumber.core.runner.CoreStepDefinition.execute(CoreStepDefinition.java:66)
	at io.cucumber.core.runner.PickleStepDefinitionMatch.runStep(PickleStepDefinitionMatch.java:63)
	at io.cucumber.core.runner.ExecutionMode$1.execute(ExecutionMode.java:10)
	at io.cucumber.core.runner.TestStep.executeStep(TestStep.java:86)
	at io.cucumber.core.runner.TestStep.run(TestStep.java:57)
	at io.cucumber.core.runner.PickleStepTestStep.run(PickleStepTestStep.java:51)
	at io.cucumber.core.runner.TestCase.run(TestCase.java:95)
	at io.cucumber.core.runner.Runner.runPickle(Runner.java:75)
	at io.cucumber.junit.PickleRunners$NoStepDescriptions.lambda$run$0(PickleRunners.java:151)
	at io.cucumber.core.runtime.CucumberExecutionContext.lambda$runTestCase$3(CucumberExecutionContext.java:151)
	at io.cucumber.core.runtime.RethrowingThrowableCollector.executeAndThrow(RethrowingThrowableCollector.java:23)
	at io.cucumber.core.runtime.CucumberExecutionContext.runTestCase(CucumberExecutionContext.java:151)
	at io.cucumber.junit.PickleRunners$NoStepDescriptions.run(PickleRunners.java:148)
	at io.cucumber.junit.FeatureRunner.runChild(FeatureRunner.java:144)
	at io.cucumber.junit.FeatureRunner.runChild(FeatureRunner.java:28)
	at org.junit.runners.ParentRunner$4.run(ParentRunner.java:331)
	at org.junit.runners.ParentRunner$1.schedule(ParentRunner.java:79)
	at org.junit.runners.ParentRunner.runChildren(ParentRunner.java:329)
	at org.junit.runners.ParentRunner.access$100(ParentRunner.java:66)
	at org.junit.runners.ParentRunner$2.evaluate(ParentRunner.java:293)
	at org.junit.runners.ParentRunner$3.evaluate(ParentRunner.java:306)
	at org.junit.runners.ParentRunner.run(ParentRunner.java:413)
	at io.cucumber.junit.FeatureRunner.run(FeatureRunner.java:137)
	at io.cucumber.junit.CucumberSerenityRunner.runChild(CucumberSerenityRunner.java:258)
	at io.cucumber.junit.CucumberSerenityRunner.runChild(CucumberSerenityRunner.java:58)
	at org.junit.runners.ParentRunner$4.run(ParentRunner.java:331)
	at org.junit.runners.ParentRunner$1.schedule(ParentRunner.java:79)
	at org.junit.runners.ParentRunner.runChildren(ParentRunner.java:329)
	at org.junit.runners.ParentRunner.access$100(ParentRunner.java:66)
	at org.junit.runners.ParentRunner$2.evaluate(ParentRunner.java:293)
	at io.cucumber.junit.CucumberSerenityRunner$RunCucumber.evaluate(CucumberSerenityRunner.java:287)
	at org.junit.runners.ParentRunner$3.evaluate(ParentRunner.java:306)
	at org.junit.runners.ParentRunner.run(ParentRunner.java:413)
	at org.junit.runner.JUnitCore.run(JUnitCore.java:137)
	at org.junit.runner.JUnitCore.run(JUnitCore.java:115)
	at org.junit.vintage.engine.execution.RunnerExecutor.execute(RunnerExecutor.java:42)
	at org.junit.vintage.engine.VintageTestEngine.executeAllChildren(VintageTestEngine.java:80)
	at org.junit.vintage.engine.VintageTestEngine.execute(VintageTestEngine.java:72)
	at org.junit.platform.launcher.core.EngineExecutionOrchestrator.execute(EngineExecutionOrchestrator.java:107)
	at org.junit.platform.launcher.core.EngineExecutionOrchestrator.execute(EngineExecutionOrchestrator.java:88)
	at org.junit.platform.launcher.core.EngineExecutionOrchestrator.lambda$execute$0(EngineExecutionOrchestrator.java:54)
	at org.junit.platform.launcher.core.EngineExecutionOrchestrator.withInterceptedStreams(EngineExecutionOrchestrator.java:67)
	at org.junit.platform.launcher.core.EngineExecutionOrchestrator.execute(EngineExecutionOrchestrator.java:52)
	at org.junit.platform.launcher.core.DefaultLauncher.execute(DefaultLauncher.java:114)
	at org.junit.platform.launcher.core.DefaultLauncher.execute(DefaultLauncher.java:86)
	at org.junit.platform.launcher.core.DefaultLauncherSession$DelegatingLauncher.execute(DefaultLauncherSession.java:86)
	at org.apache.maven.surefire.junitplatform.LazyLauncher.execute(LazyLauncher.java:55)
	at org.apache.maven.surefire.junitplatform.JUnitPlatformProvider.execute(JUnitPlatformProvider.java:223)
	at org.apache.maven.surefire.junitplatform.JUnitPlatformProvider.invokeAllTests(JUnitPlatformProvider.java:175)
	at org.apache.maven.surefire.junitplatform.JUnitPlatformProvider.invoke(JUnitPlatformProvider.java:139)
	at org.apache.maven.surefire.booter.ForkedBooter.runSuitesInProcess(ForkedBooter.java:456)
	at org.apache.maven.surefire.booter.ForkedBooter.execute(ForkedBooter.java:169)
	at org.apache.maven.surefire.booter.ForkedBooter.run(ForkedBooter.java:595)
	at org.apache.maven.surefire.booter.ForkedBooter.main(ForkedBooter.java:581)
Caused by: org.openqa.selenium.SessionNotCreatedException: Could not start a new session. Possible causes are invalid address of the remote server or browser start-up failure.
	at org.openqa.selenium.remote.RemoteWebDriver.execute(RemoteWebDriver.java:576)
	at org.openqa.selenium.remote.RemoteWebDriver.startSession(RemoteWebDriver.java:245)
	at org.openqa.selenium.remote.RemoteWebDriver.<init>(RemoteWebDriver.java:161)
	at org.openqa.selenium.chromium.ChromiumDriver.<init>(ChromiumDriver.java:108)
	at org.openqa.selenium.chrome.ChromeDriver.<init>(ChromeDriver.java:106)
	at org.openqa.selenium.chrome.ChromeDriver.<init>(ChromeDriver.java:93)
	at org.openqa.selenium.chrome.ChromeDriver.<init>(ChromeDriver.java:82)
	at net.serenitybdd.core.webdriver.driverproviders.ChromeDriverProvider.lambda$newInstance$0(ChromeDriverProvider.java:67)
	at net.serenitybdd.core.webdriver.driverproviders.ProvideNewDriver.withConfiguration(ProvideNewDriver.java:40)
	at net.serenitybdd.core.webdriver.driverproviders.ChromeDriverProvider.newInstance(ChromeDriverProvider.java:63)
	at net.thucydides.core.webdriver.WebDriverFactory.createWebDriver(WebDriverFactory.java:157)
	at net.thucydides.core.webdriver.WebDriverFactory.newWebdriverInstance(WebDriverFactory.java:136)
	... 79 more
Caused by: org.openqa.selenium.WebDriverException: Driver server process died prematurely.
Build info: version: '4.1.2', revision: '9a5a329c5a'
System info: host: 'LAPTOP-8332K2E2', ip: '10.10.10.2', os.name: 'Windows 10', os.arch: 'amd64', os.version: '10.0', java.version: '18.0.1.1'
Driver info: driver.version: ProvideNewDriver
	at org.openqa.selenium.remote.service.DriverService.start(DriverService.java:226)
	at org.openqa.selenium.remote.service.DriverCommandExecutor.execute(DriverCommandExecutor.java:98)
	at org.openqa.selenium.remote.RemoteWebDriver.execute(RemoteWebDriver.java:558)
	... 90 more
]]></error>
    <system-out><![CDATA[20:09:59.809 [main] INFO io.cucumber.core.plugin.SerenityReporter - Running feature from file:///D:/Elionds/Kuliah/Kuli%20ah/Semester%208/Studi%20Independen/Alta/web%20ui%20test/MiniProject-WebUI-master/src/test/resources/features/auth.feature
20:09:59.937 [main] INFO  - 

-------------------------------------------------------------------------------------
     _______. _______ .______       _______ .__   __.  __  .___________.____    ____ 
    /       ||   ____||   _  \     |   ____||  \ |  | |  | |           |\   \  /   / 
   |   (----`|  |__   |  |_)  |    |  |__   |   \|  | |  | `---|  |----` \   \/   /  
    \   \    |   __|  |      /     |   __|  |  . `  | |  |     |  |       \_    _/   
.----)   |   |  |____ |  |\  \----.|  |____ |  |\   | |  |     |  |         |  |     
|_______/    |_______|| _| `._____||_______||__| \__| |__|     |__|         |__|    
                                                                                     
 News and tutorials at http://www.serenity-bdd.info                                  
 Documentation at https://wakaleo.gitbooks.io/the-serenity-book/content/             
 Join the Serenity Community on Gitter: https://gitter.im/serenity-bdd/serenity-core 
 Serenity BDD Support and Training at http://serenity-bdd.info/#/trainingandsupport  
-------------------------------------------------------------------------------------

20:09:59.941 [main] DEBUG net.thucydides.core.steps.StepEventBus - Test suite started for story net.thucydides.core.model.Story@59901808
20:09:59.944 [main] INFO  - Test Suite Started: Auth
20:09:59.955 [main] INFO io.cucumber.core.plugin.SerenityReporter - Running feature from file:///D:/Elionds/Kuliah/Kuli%20ah/Semester%208/Studi%20Independen/Alta/web%20ui%20test/MiniProject-WebUI-master/src/test/resources/features/order.feature
20:09:59.959 [main] DEBUG net.thucydides.core.steps.StepEventBus - Test suite started for story net.thucydides.core.model.Story@9cac46c8
20:09:59.960 [main] INFO  - Test Suite Started: Order
20:09:59.960 [main] INFO io.cucumber.core.plugin.SerenityReporter - Running feature from file:///D:/Elionds/Kuliah/Kuli%20ah/Semester%208/Studi%20Independen/Alta/web%20ui%20test/MiniProject-WebUI-master/src/test/resources/features/products.feature
20:09:59.963 [main] DEBUG net.thucydides.core.steps.StepEventBus - Test suite started for story net.thucydides.core.model.Story@a88c5f6d
20:09:59.963 [main] INFO  - Test Suite Started: Home
20:09:59.964 [main] INFO io.cucumber.core.plugin.SerenityReporter - Running feature from file:///D:/Elionds/Kuliah/Kuli%20ah/Semester%208/Studi%20Independen/Alta/web%20ui%20test/MiniProject-WebUI-master/src/test/resources/features/auth.feature
20:09:59.966 [main] DEBUG net.thucydides.core.steps.StepEventBus - Test suite started for story net.thucydides.core.model.Story@59901808
20:09:59.966 [main] INFO  - Test Suite Started: Auth

Scenario: As a user I want to login &amp#27;[90m# src/test/resources/features/auth.feature:6&amp#27;[0m
20:10:00.051 [main] INFO io.cucumber.core.plugin.SerenityReporter - Running feature from file:///D:/Elionds/Kuliah/Kuli%20ah/Semester%208/Studi%20Independen/Alta/web%20ui%20test/MiniProject-WebUI-master/src/test/resources/features/auth.feature
20:10:00.133 [main] INFO  - 
  _____   ___   ___   _____     ___   _____     _     ___   _____   ___   ___  
 |_   _| | __| / __| |_   _|   / __| |_   _|   /_\   | _ \ |_   _| | __| |   \ 
   | |   | _|  \__ \   | |     \__ \   | |    / _ \  |   /   | |   | _|  | |) |
   |_|   |___| |___/   |_|     |___/   |_|   /_/ \_\ |_|_\   |_|   |___| |___/ 

As a user I want to login(auth;as-a-user-i-want-to-login)
--------------------------------------------------------------------------------
20:10:00.910 [main] DEBUG net.thucydides.core.steps.StepInterceptor - STARTING STEP: LoginSteps.iAmOnTheLoginPage - openUrl
20:10:00.959 [main] INFO net.serenitybdd.core.webdriver.driverproviders.ChromeDriverProvider - Using automatically driver download
20:10:01.728 [main] DEBUG io.github.bonigarcia.wdm.cache.ResolutionCache - Resolution chrome=101 in cache (valid until 21:07:57 17/05/2022 WIB)
20:10:01.735 [main] DEBUG io.github.bonigarcia.wdm.cache.ResolutionCache - Resolution chrome101=101.0.4951.41 in cache (valid until 18:33:35 18/05/2022 ICT)
20:10:01.738 [main] INFO io.github.bonigarcia.wdm.WebDriverManager - Using chromedriver 101.0.4951.41 (resolved driver for Chrome 101)
20:10:01.760 [main] DEBUG io.github.bonigarcia.wdm.WebDriverManager - Driver chromedriver 101.0.4951.41 found in cache
20:10:01.761 [main] INFO io.github.bonigarcia.wdm.WebDriverManager - Exporting webdriver.chrome.driver as C:\Users\Galadriel\.cache\selenium\chromedriver\win32\101.0.4951.41\chromedriver.exe
20:10:02.638 [main] DEBUG net.thucydides.core.reflection.ClassFinder - Could not load class .CucumberTestSuite
20:10:02.638 [main] DEBUG net.thucydides.core.reflection.ClassFinder - Could not load class .pages.CategoriesPage
20:10:02.638 [main] DEBUG net.thucydides.core.reflection.ClassFinder - Could not load class .pages.HomePage
20:10:02.638 [main] DEBUG net.thucydides.core.reflection.ClassFinder - Could not load class .pages.LoginPage
20:10:02.638 [main] DEBUG net.thucydides.core.reflection.ClassFinder - Could not load class .pages.OrderPage
20:10:02.638 [main] DEBUG net.thucydides.core.reflection.ClassFinder - Could not load class .pages.RegisPage
20:10:02.638 [main] DEBUG net.thucydides.core.reflection.ClassFinder - Could not load class .stepdefinitions.CategoriesStep
20:10:02.638 [main] DEBUG net.thucydides.core.reflection.ClassFinder - Could not load class .stepdefinitions.LoginSteps
20:10:02.639 [main] DEBUG net.thucydides.core.reflection.ClassFinder - Could not load class .stepdefinitions.OrderSteps
20:10:02.639 [main] DEBUG net.thucydides.core.reflection.ClassFinder - Could not load class .stepdefinitions.RegistSteps
20:10:02.639 [main] DEBUG net.thucydides.core.reflection.ClassFinder - Could not load class META-INF.versions.9.com.sun.istack.logging.StackHelper
20:10:02.639 [main] DEBUG net.thucydides.core.reflection.ClassFinder - Could not load class META-INF.versions.9.com.sun.xml.bind.v2.runtime.reflect.opt.AccessorInjector
20:10:02.640 [main] DEBUG net.thucydides.core.reflection.ClassFinder - Could not load class META-INF.versions.9.com.sun.xml.bind.v2.runtime.reflect.opt.Injector
20:10:02.640 [main] DEBUG net.thucydides.core.reflection.ClassFinder - Could not load class META-INF.versions.9.com.sun.xml.bind.v2.runtime.reflect.opt.OptimizedAccessorFactory
20:10:02.641 [main] DEBUG net.thucydides.core.reflection.ClassFinder - Could not load class META-INF.versions.9.com.sun.xml.bind.v2.runtime.reflect.opt.OptimizedTransducedAccessorFactory
20:10:02.641 [main] DEBUG net.thucydides.core.reflection.ClassFinder - Could not load class META-INF.versions.9.io.opentelemetry.sdk.internal.CurrentJavaVersionSpecific
20:10:02.641 [main] DEBUG net.thucydides.core.reflection.ClassFinder - Could not load class META-INF.versions.9.io.opentelemetry.sdk.internal.Java9VersionSpecific
20:10:02.642 [main] DEBUG net.thucydides.core.reflection.ClassFinder - Could not load class META-INF.versions.9.javax.xml.bind.ModuleUtil
20:10:02.642 [main] DEBUG net.thucydides.core.reflection.ClassFinder - Could not load class META-INF.versions.9.module-info
20:10:02.642 [main] DEBUG net.thucydides.core.reflection.ClassFinder - Could not load class META-INF.versions.9.org.junit.platform.commons.util.ModuleUtils
20:10:03.009 [main] DEBUG net.thucydides.core.reflection.ClassFinder - Could not load class com.google.gson.internal.
20:10:03.178 [main] DEBUG net.thucydides.core.reflection.ClassFinder - Could not load class com.sun.xml.bind.v2.runtime.output.FastInfosetStreamWriterOutput
20:10:03.641 [main] DEBUG net.thucydides.core.reflection.ClassFinder - Could not load class module-info
20:10:07.210 [main] DEBUG io.netty.util.internal.logging.InternalLoggerFactory - Using SLF4J as the default logging framework
20:10:07.212 [main] DEBUG io.netty.util.ResourceLeakDetector - -Dio.netty.leakDetection.level: simple
20:10:07.213 [main] DEBUG io.netty.util.ResourceLeakDetector - -Dio.netty.leakDetection.targetRecords: 4
20:10:07.217 [main] DEBUG io.netty.util.ResourceLeakDetectorFactory - Loaded default ResourceLeakDetector: io.netty.util.ResourceLeakDetector@618dbfd4
20:10:07.241 [main] DEBUG io.netty.util.internal.PlatformDependent0 - -Dio.netty.noUnsafe: false
20:10:07.241 [main] DEBUG io.netty.util.internal.PlatformDependent0 - Java version: 18
20:10:07.243 [main] DEBUG io.netty.util.internal.PlatformDependent0 - sun.misc.Unsafe.theUnsafe: available
20:10:07.243 [main] DEBUG io.netty.util.internal.PlatformDependent0 - sun.misc.Unsafe.copyMemory: available
20:10:07.245 [main] DEBUG io.netty.util.internal.PlatformDependent0 - java.nio.Buffer.address: available
20:10:07.245 [main] DEBUG io.netty.util.internal.PlatformDependent0 - direct buffer constructor: unavailable: Reflective setAccessible(true) disabled
20:10:07.246 [main] DEBUG io.netty.util.internal.PlatformDependent0 - java.nio.Bits.unaligned: available, true
20:10:07.248 [main] DEBUG io.netty.util.internal.PlatformDependent0 - jdk.internal.misc.Unsafe.allocateUninitializedArray(int): unavailable: class io.netty.util.internal.PlatformDependent0$6 cannot access class jdk.internal.misc.Unsafe (in module java.base) because module java.base does not export jdk.internal.misc to unnamed module @2d9d4f9d
20:10:07.250 [main] DEBUG io.netty.util.internal.PlatformDependent0 - java.nio.DirectByteBuffer.<init>(long, int): unavailable
20:10:07.250 [main] DEBUG io.netty.util.internal.PlatformDependent - sun.misc.Unsafe: available
20:10:07.253 [main] DEBUG io.netty.util.internal.PlatformDependent - maxDirectMemory: 4244635648 bytes (maybe)
20:10:07.253 [main] DEBUG io.netty.util.internal.PlatformDependent - -Dio.netty.tmpdir: C:\Users\Galadriel\AppData\Local\Temp (java.io.tmpdir)
20:10:07.253 [main] DEBUG io.netty.util.internal.PlatformDependent - -Dio.netty.bitMode: 64 (sun.arch.data.model)
20:10:07.254 [main] DEBUG io.netty.util.internal.PlatformDependent - Platform: Windows
20:10:07.255 [main] DEBUG io.netty.util.internal.PlatformDependent - -Dio.netty.maxDirectMemory: -1 bytes
20:10:07.255 [main] DEBUG io.netty.util.internal.PlatformDependent - -Dio.netty.uninitializedArrayAllocationThreshold: -1
20:10:07.256 [main] DEBUG io.netty.util.internal.CleanerJava9 - java.nio.ByteBuffer.cleaner(): available
20:10:07.257 [main] DEBUG io.netty.util.internal.PlatformDependent - -Dio.netty.noPreferDirect: false
20:10:07.267 [main] DEBUG io.netty.util.internal.PlatformDependent - org.jctools-core.MpscChunkedArrayQueue: available
20:10:07.295 [main] DEBUG io.netty.util.internal.InternalThreadLocalMap - -Dio.netty.threadLocalMap.stringBuilder.initialSize: 1024
20:10:07.296 [main] DEBUG io.netty.util.internal.InternalThreadLocalMap - -Dio.netty.threadLocalMap.stringBuilder.maxSize: 4096
20:10:07.362 [main] DEBUG io.netty.handler.ssl.JdkSslContext - Default protocols (JDK): [TLSv1.3, TLSv1.2] 
20:10:07.363 [main] DEBUG io.netty.handler.ssl.JdkSslContext - Default cipher suites (JDK): [TLS_ECDHE_ECDSA_WITH_AES_256_GCM_SHA384, TLS_ECDHE_ECDSA_WITH_AES_128_GCM_SHA256, TLS_ECDHE_RSA_WITH_AES_128_GCM_SHA256, TLS_ECDHE_RSA_WITH_AES_256_GCM_SHA384, TLS_ECDHE_RSA_WITH_AES_128_CBC_SHA, TLS_ECDHE_RSA_WITH_AES_256_CBC_SHA, TLS_RSA_WITH_AES_128_GCM_SHA256, TLS_RSA_WITH_AES_128_CBC_SHA, TLS_RSA_WITH_AES_256_CBC_SHA, TLS_AES_128_GCM_SHA256, TLS_AES_256_GCM_SHA384]
20:10:07.394 [main] DEBUG io.netty.channel.MultithreadEventLoopGroup - -Dio.netty.eventLoopThreads: 24
20:10:07.405 [main] DEBUG io.netty.channel.nio.NioEventLoop - -Dio.netty.noKeySetOptimization: false
20:10:07.405 [main] DEBUG io.netty.channel.nio.NioEventLoop - -Dio.netty.selectorAutoRebuildThreshold: 512
20:10:07.504 [main] DEBUG io.netty.buffer.PooledByteBufAllocator - -Dio.netty.allocator.numHeapArenas: 24
20:10:07.504 [main] DEBUG io.netty.buffer.PooledByteBufAllocator - -Dio.netty.allocator.numDirectArenas: 24
20:10:07.504 [main] DEBUG io.netty.buffer.PooledByteBufAllocator - -Dio.netty.allocator.pageSize: 8192
20:10:07.505 [main] DEBUG io.netty.buffer.PooledByteBufAllocator - -Dio.netty.allocator.maxOrder: 11
20:10:07.505 [main] DEBUG io.netty.buffer.PooledByteBufAllocator - -Dio.netty.allocator.chunkSize: 16777216
20:10:07.505 [main] DEBUG io.netty.buffer.PooledByteBufAllocator - -Dio.netty.allocator.smallCacheSize: 256
20:10:07.505 [main] DEBUG io.netty.buffer.PooledByteBufAllocator - -Dio.netty.allocator.normalCacheSize: 64
20:10:07.505 [main] DEBUG io.netty.buffer.PooledByteBufAllocator - -Dio.netty.allocator.maxCachedBufferCapacity: 32768
20:10:07.505 [main] DEBUG io.netty.buffer.PooledByteBufAllocator - -Dio.netty.allocator.cacheTrimInterval: 8192
20:10:07.505 [main] DEBUG io.netty.buffer.PooledByteBufAllocator - -Dio.netty.allocator.cacheTrimIntervalMillis: 0
20:10:07.505 [main] DEBUG io.netty.buffer.PooledByteBufAllocator - -Dio.netty.allocator.useCacheForAllThreads: true
20:10:07.505 [main] DEBUG io.netty.buffer.PooledByteBufAllocator - -Dio.netty.allocator.maxCachedByteBuffersPerChunk: 1023
20:10:07.521 [main] DEBUG io.netty.buffer.ByteBufUtil - -Dio.netty.allocator.type: pooled
20:10:07.521 [main] DEBUG io.netty.buffer.ByteBufUtil - -Dio.netty.threadLocalDirectBufferSize: 0
20:10:07.522 [main] DEBUG io.netty.buffer.ByteBufUtil - -Dio.netty.maxThreadLocalCharBufferSize: 16384
20:10:07.780 [main] DEBUG net.serenitybdd.core.webdriver.driverproviders.ProvideNewDriver - Instantiating driver
20:10:07.781 [main] DEBUG net.serenitybdd.core.webdriver.driverproviders.ProvideNewDriver - Driver capabilities: Capabilities {acceptInsecureCerts: false, base.url: https://qa.alta.id/, browserName: chrome, chrome.driver: src/test/resources/web-driv..., driver: chrome, goog:chromeOptions: {args: [], extensions: []}}
  &amp#27;[31mGiven &amp#27;[0m&amp#27;[31mI am on the login page&amp#27;[0m      &amp#27;[90m# stepdefinitions.LoginSteps.iAmOnTheLoginPage()&amp#27;[0m
      &amp#27;[31mnet.thucydides.core.webdriver.DriverConfigurationError: Could not instantiate class org.openqa.selenium.chrome.ChromeDriver
	at net.thucydides.core.webdriver.WebDriverFacade.newDriverInstance(WebDriverFacade.java:146)
	at net.thucydides.core.webdriver.WebDriverFacade.newProxyDriver(WebDriverFacade.java:134)
	at net.thucydides.core.webdriver.WebDriverFacade.getProxiedDriver(WebDriverFacade.java:104)
	at net.thucydides.core.webdriver.WebDriverFacade.get(WebDriverFacade.java:174)
	at net.serenitybdd.core.pages.PageObject.openPageAtUrl(PageObject.java:983)
	at net.serenitybdd.core.pages.PageObject.openUrl(PageObject.java:929)
	at pages.LoginPage.openUrl(LoginPage.java:31)
	at pages.LoginPage$ByteBuddy$a9tUPVuO.openUrl$accessor$0M71D06Y(Unknown Source)
	at java.base/jdk.internal.reflect.DirectMethodHandleAccessor.invoke(DirectMethodHandleAccessor.java:104)
	at java.base/java.lang.reflect.Method.invoke(Method.java:577)
	at net.thucydides.core.steps.StepInterceptor.invokeMethod(StepInterceptor.java:503)
	at net.thucydides.core.steps.StepInterceptor.executeTestStepMethod(StepInterceptor.java:483)
	at net.thucydides.core.steps.StepInterceptor.runTestStep(StepInterceptor.java:457)
	at net.thucydides.core.steps.StepInterceptor.runOrSkipMethod(StepInterceptor.java:209)
	at net.thucydides.core.steps.StepInterceptor.testStepResult(StepInterceptor.java:196)
	at net.thucydides.core.steps.StepInterceptor.intercept(StepInterceptor.java:84)
	at net.thucydides.core.steps.ProxyConfiguration$InterceptorDispatcher.intercept(ProxyConfiguration.java:51)
	at pages.LoginPage$ByteBuddy$a9tUPVuO.openUrl(Unknown Source)
	at stepdefinitions.LoginSteps.iAmOnTheLoginPage(LoginSteps.java:21)
	at ✽.I am on the login page(file:///D:/Elionds/Kuliah/Kuli%20ah/Semester%208/Studi%20Independen/Alta/web%20ui%20test/MiniProject-WebUI-master/src/test/resources/features/auth.feature:7)
Caused by: net.thucydides.core.webdriver.DriverConfigurationError: Could not instantiate new WebDriver instance of type class org.openqa.selenium.chrome.ChromeDriver (Could not start a new session. Possible causes are invalid address of the remote server or browser start-up failure.). See below for more details.
	at net.thucydides.core.webdriver.WebDriverFactory.newWebdriverInstance(WebDriverFactory.java:146)
	at net.thucydides.core.webdriver.WebDriverFacade.newDriverInstance(WebDriverFacade.java:143)
	at net.thucydides.core.webdriver.WebDriverFacade.newProxyDriver(WebDriverFacade.java:134)
	at net.thucydides.core.webdriver.WebDriverFacade.getProxiedDriver(WebDriverFacade.java:104)
	at net.thucydides.core.webdriver.WebDriverFacade.get(WebDriverFacade.java:174)
	at net.serenitybdd.core.pages.PageObject.openPageAtUrl(PageObject.java:983)
	at net.serenitybdd.core.pages.PageObject.openUrl(PageObject.java:929)
	at pages.LoginPage.openUrl(LoginPage.java:31)
	at pages.LoginPage$ByteBuddy$a9tUPVuO.openUrl$accessor$0M71D06Y(Unknown Source)
	at java.base/jdk.internal.reflect.DirectMethodHandleAccessor.invoke(DirectMethodHandleAccessor.java:104)
	at java.base/java.lang.reflect.Method.invoke(Method.java:577)
	at net.thucydides.core.steps.StepInterceptor.invokeMethod(StepInterceptor.java:503)
	at net.thucydides.core.steps.StepInterceptor.executeTestStepMethod(StepInterceptor.java:483)
	at net.thucydides.core.steps.StepInterceptor.runTestStep(StepInterceptor.java:457)
	at net.thucydides.core.steps.StepInterceptor.runOrSkipMethod(StepInterceptor.java:209)
	at net.thucydides.core.steps.StepInterceptor.testStepResult(StepInterceptor.java:196)
	at net.thucydides.core.steps.StepInterceptor.intercept(StepInterceptor.java:84)
	at net.thucydides.core.steps.ProxyConfiguration$InterceptorDispatcher.intercept(ProxyConfiguration.java:51)
	at pages.LoginPage$ByteBuddy$a9tUPVuO.openUrl(Unknown Source)
	at stepdefinitions.LoginSteps.iAmOnTheLoginPage(LoginSteps.java:21)
	at java.base/jdk.internal.reflect.DirectMethodHandleAccessor.invoke(DirectMethodHandleAccessor.java:104)
	at java.base/java.lang.reflect.Method.invoke(Method.java:577)
	at io.cucumber.java.Invoker.doInvoke(Invoker.java:66)
	at io.cucumber.java.Invoker.invoke(Invoker.java:24)
	at io.cucumber.java.AbstractGlueDefinition.invokeMethod(AbstractGlueDefinition.java:47)
	at io.cucumber.java.JavaStepDefinition.execute(JavaStepDefinition.java:29)
	at io.cucumber.core.runner.CoreStepDefinition.execute(CoreStepDefinition.java:66)
	at io.cucumber.core.runner.PickleStepDefinitionMatch.runStep(PickleStepDefinitionMatch.java:63)
	at io.cucumber.core.runner.ExecutionMode$1.execute(ExecutionMode.java:10)
	at io.cucumber.core.runner.TestStep.executeStep(TestStep.java:86)
	at io.cucumber.core.runner.TestStep.run(TestStep.java:57)
	at io.cucumber.core.runner.PickleStepTestStep.run(PickleStepTestStep.java:51)
	at io.cucumber.core.runner.TestCase.run(TestCase.java:95)
	at io.cucumber.core.runner.Runner.runPickle(Runner.java:75)
	at io.cucumber.junit.PickleRunners$NoStepDescriptions.lambda$run$0(PickleRunners.java:151)
	at io.cucumber.core.runtime.CucumberExecutionContext.lambda$runTestCase$3(CucumberExecutionContext.java:151)
	at io.cucumber.core.runtime.RethrowingThrowableCollector.executeAndThrow(RethrowingThrowableCollector.java:23)
	at io.cucumber.core.runtime.CucumberExecutionContext.runTestCase(CucumberExecutionContext.java:151)
	at io.cucumber.junit.PickleRunners$NoStepDescriptions.run(PickleRunners.java:148)
	at io.cucumber.junit.FeatureRunner.runChild(FeatureRunner.java:144)
	at io.cucumber.junit.FeatureRunner.runChild(FeatureRunner.java:28)
	at org.junit.runners.ParentRunner$4.run(ParentRunner.java:331)
	at org.junit.runners.ParentRunner$1.schedule(ParentRunner.java:79)
	at org.junit.runners.ParentRunner.runChildren(ParentRunner.java:329)
	at org.junit.runners.ParentRunner.access$100(ParentRunner.java:66)
	at org.junit.runners.ParentRunner$2.evaluate(ParentRunner.java:293)
	at org.junit.runners.ParentRunner$3.evaluate(ParentRunner.java:306)
	at org.junit.runners.ParentRunner.run(ParentRunner.java:413)
	at io.cucumber.junit.FeatureRunner.run(FeatureRunner.java:137)
	at io.cucumber.junit.CucumberSerenityRunner.runChild(CucumberSerenityRunner.java:258)
	at io.cucumber.junit.CucumberSerenityRunner.runChild(CucumberSerenityRunner.java:58)
	at org.junit.runners.ParentRunner$4.run(ParentRunner.java:331)
	at org.junit.runners.ParentRunner$1.schedule(ParentRunner.java:79)
	at org.junit.runners.ParentRunner.runChildren(ParentRunner.java:329)
	at org.junit.runners.ParentRunner.access$100(ParentRunner.java:66)
	at org.junit.runners.ParentRunner$2.evaluate(ParentRunner.java:293)
	at io.cucumber.junit.CucumberSerenityRunner$RunCucumber.evaluate(CucumberSerenityRunner.java:287)
	at org.junit.runners.ParentRunner$3.evaluate(ParentRunner.java:306)
	at org.junit.runners.ParentRunner.run(ParentRunner.java:413)
	at org.junit.runner.JUnitCore.run(JUnitCore.java:137)
	at org.junit.runner.JUnitCore.run(JUnitCore.java:115)
	at org.junit.vintage.engine.execution.RunnerExecutor.execute(RunnerExecutor.java:42)
	at org.junit.vintage.engine.VintageTestEngine.executeAllChildren(VintageTestEngine.java:80)
	at org.junit.vintage.engine.VintageTestEngine.execute(VintageTestEngine.java:72)
	at org.junit.platform.launcher.core.EngineExecutionOrchestrator.execute(EngineExecutionOrchestrator.java:107)
	at org.junit.platform.launcher.core.EngineExecutionOrchestrator.execute(EngineExecutionOrchestrator.java:88)
	at org.junit.platform.launcher.core.EngineExecutionOrchestrator.lambda$execute$0(EngineExecutionOrchestrator.java:54)
	at org.junit.platform.launcher.core.EngineExecutionOrchestrator.withInterceptedStreams(EngineExecutionOrchestrator.java:67)
	at org.junit.platform.launcher.core.EngineExecutionOrchestrator.execute(EngineExecutionOrchestrator.java:52)
	at org.junit.platform.launcher.core.DefaultLauncher.execute(DefaultLauncher.java:114)
	at org.junit.platform.launcher.core.DefaultLauncher.execute(DefaultLauncher.java:86)
	at org.junit.platform.launcher.core.DefaultLauncherSession$DelegatingLauncher.execute(DefaultLauncherSession.java:86)
	at org.apache.maven.surefire.junitplatform.LazyLauncher.execute(LazyLauncher.java:55)
	at org.apache.maven.surefire.junitplatform.JUnitPlatformProvider.execute(JUnitPlatformProvider.java:223)
	at org.apache.maven.surefire.junitplatform.JUnitPlatformProvider.invokeAllTests(JUnitPlatformProvider.java:175)
	at org.apache.maven.surefire.junitplatform.JUnitPlatformProvider.invoke(JUnitPlatformProvider.java:139)
	at org.apache.maven.surefire.booter.ForkedBooter.runSuitesInProcess(ForkedBooter.java:456)
	at org.apache.maven.surefire.booter.ForkedBooter.execute(ForkedBooter.java:169)
	at org.apache.maven.surefire.booter.ForkedBooter.run(ForkedBooter.java:595)
	at org.apache.maven.surefire.booter.ForkedBooter.main(ForkedBooter.java:581)
Caused by: org.openqa.selenium.SessionNotCreatedException: Could not start a new session. Possible causes are invalid address of the remote server or browser start-up failure.
	at org.openqa.selenium.remote.RemoteWebDriver.execute(RemoteWebDriver.java:576)
	at org.openqa.selenium.remote.RemoteWebDriver.startSession(RemoteWebDriver.java:245)
	at org.openqa.selenium.remote.RemoteWebDriver.<init>(RemoteWebDriver.java:161)
	at org.openqa.selenium.chromium.ChromiumDriver.<init>(ChromiumDriver.java:108)
	at org.openqa.selenium.chrome.ChromeDriver.<init>(ChromeDriver.java:106)
	at org.openqa.selenium.chrome.ChromeDriver.<init>(ChromeDriver.java:93)
	at org.openqa.selenium.chrome.ChromeDriver.<init>(ChromeDriver.java:82)
	at net.serenitybdd.core.webdriver.driverproviders.ChromeDriverProvider.lambda$newInstance$0(ChromeDriverProvider.java:67)
	at net.serenitybdd.core.webdriver.driverproviders.ProvideNewDriver.withConfiguration(ProvideNewDriver.java:40)
	at net.serenitybdd.core.webdriver.driverproviders.ChromeDriverProvider.newInstance(ChromeDriverProvider.java:63)
	at net.thucydides.core.webdriver.WebDriverFactory.createWebDriver(WebDriverFactory.java:157)
	at net.thucydides.core.webdriver.WebDriverFactory.newWebdriverInstance(WebDriverFactory.java:136)
	... 79 more
Caused by: org.openqa.selenium.WebDriverException: Driver server process died prematurely.
Build info: version: '4.1.2', revision: '9a5a329c5a'
System info: host: 'LAPTOP-8332K2E2', ip: '10.10.10.2', os.name: 'Windows 10', os.arch: 'amd64', os.version: '10.0', java.version: '18.0.1.1'
Driver info: driver.version: ProvideNewDriver
	at org.openqa.selenium.remote.service.DriverService.start(DriverService.java:226)
	at org.openqa.selenium.remote.service.DriverCommandExecutor.execute(DriverCommandExecutor.java:98)
	at org.openqa.selenium.remote.RemoteWebDriver.execute(RemoteWebDriver.java:558)
	... 90 more
&amp#27;[0m
  &amp#27;[36mWhen &amp#27;[0m&amp#27;[36mI input valid username&amp#27;[0m       &amp#27;[90m# stepdefinitions.LoginSteps.iInputValidUsername()&amp#27;[0m
  &amp#27;[36mAnd &amp#27;[0m&amp#27;[36mI input valid password&amp#27;[0m        &amp#27;[90m# stepdefinitions.LoginSteps.iInputValidPassword()&amp#27;[0m
  &amp#27;[36mAnd &amp#27;[0m&amp#27;[36mclick login button&amp#27;[0m            &amp#27;[90m# stepdefinitions.LoginSteps.clickLoginButton()&amp#27;[0m
  &amp#27;[36mThen &amp#27;[0m&amp#27;[36mI go to home page&amp#27;[0m            &amp#27;[90m# stepdefinitions.LoginSteps.iGoToHomePage()&amp#27;[0m
20:10:08.000 [main] ERROR  - 
  _____   ___   ___   _____     ___   ___   ___    ___    ___ 
 |_   _| | __| / __| |_   _|   | __| | _ \ | _ \  / _ \  | _ \
   | |   | _|  \__ \   | |     | _|  |   / |   / | (_) | |   /
   |_|   |___| |___/   |_|     |___| |_|_\ |_|_\  \___/  |_|_\

As a user I want to login
---------------------------------------------------------------
20:10:08.002 [main] DEBUG  - RELATED ISSUES: 
20:10:08.059 [main] ERROR  -     Test failed at step: Open url
20:10:08.059 [main] ERROR  -     Could not instantiate class org.openqa.selenium.chrome.ChromeDriver
]]></system-out>
  </testcase>
  <testcase name="Failed login" classname="Auth" time="0.519">
    <error message="Could not instantiate class org.openqa.selenium.chrome.ChromeDriver" type="net.thucydides.core.webdriver.DriverConfigurationError"><![CDATA[net.thucydides.core.webdriver.DriverConfigurationError: Could not instantiate class org.openqa.selenium.chrome.ChromeDriver
	at net.thucydides.core.webdriver.WebDriverFacade.newDriverInstance(WebDriverFacade.java:146)
	at net.thucydides.core.webdriver.WebDriverFacade.newProxyDriver(WebDriverFacade.java:134)
	at net.thucydides.core.webdriver.WebDriverFacade.getProxiedDriver(WebDriverFacade.java:104)
	at net.thucydides.core.webdriver.WebDriverFacade.get(WebDriverFacade.java:174)
	at net.serenitybdd.core.pages.PageObject.openPageAtUrl(PageObject.java:983)
	at net.serenitybdd.core.pages.PageObject.openUrl(PageObject.java:929)
	at pages.LoginPage.openUrl(LoginPage.java:31)
	at pages.LoginPage$ByteBuddy$a9tUPVuO.openUrl$accessor$0M71D06Y(Unknown Source)
	at java.base/jdk.internal.reflect.DirectMethodHandleAccessor.invoke(DirectMethodHandleAccessor.java:104)
	at java.base/java.lang.reflect.Method.invoke(Method.java:577)
	at net.thucydides.core.steps.StepInterceptor.invokeMethod(StepInterceptor.java:503)
	at net.thucydides.core.steps.StepInterceptor.executeTestStepMethod(StepInterceptor.java:483)
	at net.thucydides.core.steps.StepInterceptor.runTestStep(StepInterceptor.java:457)
	at net.thucydides.core.steps.StepInterceptor.runOrSkipMethod(StepInterceptor.java:209)
	at net.thucydides.core.steps.StepInterceptor.testStepResult(StepInterceptor.java:196)
	at net.thucydides.core.steps.StepInterceptor.intercept(StepInterceptor.java:84)
	at net.thucydides.core.steps.ProxyConfiguration$InterceptorDispatcher.intercept(ProxyConfiguration.java:51)
	at pages.LoginPage$ByteBuddy$a9tUPVuO.openUrl(Unknown Source)
	at stepdefinitions.LoginSteps.iAmOnTheLoginPage(LoginSteps.java:21)
	at ✽.I am on the login page(file:///D:/Elionds/Kuliah/Kuli%20ah/Semester%208/Studi%20Independen/Alta/web%20ui%20test/MiniProject-WebUI-master/src/test/resources/features/auth.feature:14)
Caused by: net.thucydides.core.webdriver.DriverConfigurationError: Could not instantiate new WebDriver instance of type class org.openqa.selenium.chrome.ChromeDriver (Could not start a new session. Possible causes are invalid address of the remote server or browser start-up failure.). See below for more details.
	at net.thucydides.core.webdriver.WebDriverFactory.newWebdriverInstance(WebDriverFactory.java:146)
	at net.thucydides.core.webdriver.WebDriverFacade.newDriverInstance(WebDriverFacade.java:143)
	at net.thucydides.core.webdriver.WebDriverFacade.newProxyDriver(WebDriverFacade.java:134)
	at net.thucydides.core.webdriver.WebDriverFacade.getProxiedDriver(WebDriverFacade.java:104)
	at net.thucydides.core.webdriver.WebDriverFacade.get(WebDriverFacade.java:174)
	at net.serenitybdd.core.pages.PageObject.openPageAtUrl(PageObject.java:983)
	at net.serenitybdd.core.pages.PageObject.openUrl(PageObject.java:929)
	at pages.LoginPage.openUrl(LoginPage.java:31)
	at pages.LoginPage$ByteBuddy$a9tUPVuO.openUrl$accessor$0M71D06Y(Unknown Source)
	at java.base/jdk.internal.reflect.DirectMethodHandleAccessor.invoke(DirectMethodHandleAccessor.java:104)
	at java.base/java.lang.reflect.Method.invoke(Method.java:577)
	at net.thucydides.core.steps.StepInterceptor.invokeMethod(StepInterceptor.java:503)
	at net.thucydides.core.steps.StepInterceptor.executeTestStepMethod(StepInterceptor.java:483)
	at net.thucydides.core.steps.StepInterceptor.runTestStep(StepInterceptor.java:457)
	at net.thucydides.core.steps.StepInterceptor.runOrSkipMethod(StepInterceptor.java:209)
	at net.thucydides.core.steps.StepInterceptor.testStepResult(StepInterceptor.java:196)
	at net.thucydides.core.steps.StepInterceptor.intercept(StepInterceptor.java:84)
	at net.thucydides.core.steps.ProxyConfiguration$InterceptorDispatcher.intercept(ProxyConfiguration.java:51)
	at pages.LoginPage$ByteBuddy$a9tUPVuO.openUrl(Unknown Source)
	at stepdefinitions.LoginSteps.iAmOnTheLoginPage(LoginSteps.java:21)
	at java.base/jdk.internal.reflect.DirectMethodHandleAccessor.invoke(DirectMethodHandleAccessor.java:104)
	at java.base/java.lang.reflect.Method.invoke(Method.java:577)
	at io.cucumber.java.Invoker.doInvoke(Invoker.java:66)
	at io.cucumber.java.Invoker.invoke(Invoker.java:24)
	at io.cucumber.java.AbstractGlueDefinition.invokeMethod(AbstractGlueDefinition.java:47)
	at io.cucumber.java.JavaStepDefinition.execute(JavaStepDefinition.java:29)
	at io.cucumber.core.runner.CoreStepDefinition.execute(CoreStepDefinition.java:66)
	at io.cucumber.core.runner.PickleStepDefinitionMatch.runStep(PickleStepDefinitionMatch.java:63)
	at io.cucumber.core.runner.ExecutionMode$1.execute(ExecutionMode.java:10)
	at io.cucumber.core.runner.TestStep.executeStep(TestStep.java:86)
	at io.cucumber.core.runner.TestStep.run(TestStep.java:57)
	at io.cucumber.core.runner.PickleStepTestStep.run(PickleStepTestStep.java:51)
	at io.cucumber.core.runner.TestCase.run(TestCase.java:95)
	at io.cucumber.core.runner.Runner.runPickle(Runner.java:75)
	at io.cucumber.junit.PickleRunners$NoStepDescriptions.lambda$run$0(PickleRunners.java:151)
	at io.cucumber.core.runtime.CucumberExecutionContext.lambda$runTestCase$3(CucumberExecutionContext.java:151)
	at io.cucumber.core.runtime.RethrowingThrowableCollector.executeAndThrow(RethrowingThrowableCollector.java:23)
	at io.cucumber.core.runtime.CucumberExecutionContext.runTestCase(CucumberExecutionContext.java:151)
	at io.cucumber.junit.PickleRunners$NoStepDescriptions.run(PickleRunners.java:148)
	at io.cucumber.junit.FeatureRunner.runChild(FeatureRunner.java:144)
	at io.cucumber.junit.FeatureRunner.runChild(FeatureRunner.java:28)
	at org.junit.runners.ParentRunner$4.run(ParentRunner.java:331)
	at org.junit.runners.ParentRunner$1.schedule(ParentRunner.java:79)
	at org.junit.runners.ParentRunner.runChildren(ParentRunner.java:329)
	at org.junit.runners.ParentRunner.access$100(ParentRunner.java:66)
	at org.junit.runners.ParentRunner$2.evaluate(ParentRunner.java:293)
	at org.junit.runners.ParentRunner$3.evaluate(ParentRunner.java:306)
	at org.junit.runners.ParentRunner.run(ParentRunner.java:413)
	at io.cucumber.junit.FeatureRunner.run(FeatureRunner.java:137)
	at io.cucumber.junit.CucumberSerenityRunner.runChild(CucumberSerenityRunner.java:258)
	at io.cucumber.junit.CucumberSerenityRunner.runChild(CucumberSerenityRunner.java:58)
	at org.junit.runners.ParentRunner$4.run(ParentRunner.java:331)
	at org.junit.runners.ParentRunner$1.schedule(ParentRunner.java:79)
	at org.junit.runners.ParentRunner.runChildren(ParentRunner.java:329)
	at org.junit.runners.ParentRunner.access$100(ParentRunner.java:66)
	at org.junit.runners.ParentRunner$2.evaluate(ParentRunner.java:293)
	at io.cucumber.junit.CucumberSerenityRunner$RunCucumber.evaluate(CucumberSerenityRunner.java:287)
	at org.junit.runners.ParentRunner$3.evaluate(ParentRunner.java:306)
	at org.junit.runners.ParentRunner.run(ParentRunner.java:413)
	at org.junit.runner.JUnitCore.run(JUnitCore.java:137)
	at org.junit.runner.JUnitCore.run(JUnitCore.java:115)
	at org.junit.vintage.engine.execution.RunnerExecutor.execute(RunnerExecutor.java:42)
	at org.junit.vintage.engine.VintageTestEngine.executeAllChildren(VintageTestEngine.java:80)
	at org.junit.vintage.engine.VintageTestEngine.execute(VintageTestEngine.java:72)
	at org.junit.platform.launcher.core.EngineExecutionOrchestrator.execute(EngineExecutionOrchestrator.java:107)
	at org.junit.platform.launcher.core.EngineExecutionOrchestrator.execute(EngineExecutionOrchestrator.java:88)
	at org.junit.platform.launcher.core.EngineExecutionOrchestrator.lambda$execute$0(EngineExecutionOrchestrator.java:54)
	at org.junit.platform.launcher.core.EngineExecutionOrchestrator.withInterceptedStreams(EngineExecutionOrchestrator.java:67)
	at org.junit.platform.launcher.core.EngineExecutionOrchestrator.execute(EngineExecutionOrchestrator.java:52)
	at org.junit.platform.launcher.core.DefaultLauncher.execute(DefaultLauncher.java:114)
	at org.junit.platform.launcher.core.DefaultLauncher.execute(DefaultLauncher.java:86)
	at org.junit.platform.launcher.core.DefaultLauncherSession$DelegatingLauncher.execute(DefaultLauncherSession.java:86)
	at org.apache.maven.surefire.junitplatform.LazyLauncher.execute(LazyLauncher.java:55)
	at org.apache.maven.surefire.junitplatform.JUnitPlatformProvider.execute(JUnitPlatformProvider.java:223)
	at org.apache.maven.surefire.junitplatform.JUnitPlatformProvider.invokeAllTests(JUnitPlatformProvider.java:175)
	at org.apache.maven.surefire.junitplatform.JUnitPlatformProvider.invoke(JUnitPlatformProvider.java:139)
	at org.apache.maven.surefire.booter.ForkedBooter.runSuitesInProcess(ForkedBooter.java:456)
	at org.apache.maven.surefire.booter.ForkedBooter.execute(ForkedBooter.java:169)
	at org.apache.maven.surefire.booter.ForkedBooter.run(ForkedBooter.java:595)
	at org.apache.maven.surefire.booter.ForkedBooter.main(ForkedBooter.java:581)
Caused by: org.openqa.selenium.SessionNotCreatedException: Could not start a new session. Possible causes are invalid address of the remote server or browser start-up failure.
	at org.openqa.selenium.remote.RemoteWebDriver.execute(RemoteWebDriver.java:576)
	at org.openqa.selenium.remote.RemoteWebDriver.startSession(RemoteWebDriver.java:245)
	at org.openqa.selenium.remote.RemoteWebDriver.<init>(RemoteWebDriver.java:161)
	at org.openqa.selenium.chromium.ChromiumDriver.<init>(ChromiumDriver.java:108)
	at org.openqa.selenium.chrome.ChromeDriver.<init>(ChromeDriver.java:106)
	at org.openqa.selenium.chrome.ChromeDriver.<init>(ChromeDriver.java:93)
	at org.openqa.selenium.chrome.ChromeDriver.<init>(ChromeDriver.java:82)
	at net.serenitybdd.core.webdriver.driverproviders.ChromeDriverProvider.lambda$newInstance$0(ChromeDriverProvider.java:67)
	at net.serenitybdd.core.webdriver.driverproviders.ProvideNewDriver.withConfiguration(ProvideNewDriver.java:40)
	at net.serenitybdd.core.webdriver.driverproviders.ChromeDriverProvider.newInstance(ChromeDriverProvider.java:63)
	at net.thucydides.core.webdriver.WebDriverFactory.createWebDriver(WebDriverFactory.java:157)
	at net.thucydides.core.webdriver.WebDriverFactory.newWebdriverInstance(WebDriverFactory.java:136)
	... 79 more
Caused by: org.openqa.selenium.WebDriverException: Driver server process died prematurely.
Build info: version: '4.1.2', revision: '9a5a329c5a'
System info: host: 'LAPTOP-8332K2E2', ip: '10.10.10.2', os.name: 'Windows 10', os.arch: 'amd64', os.version: '10.0', java.version: '18.0.1.1'
Driver info: driver.version: ProvideNewDriver
	at org.openqa.selenium.remote.service.DriverService.start(DriverService.java:226)
	at org.openqa.selenium.remote.service.DriverCommandExecutor.execute(DriverCommandExecutor.java:98)
	at org.openqa.selenium.remote.RemoteWebDriver.execute(RemoteWebDriver.java:558)
	... 90 more
]]></error>
    <system-out><![CDATA[
Scenario: Failed login                              &amp#27;[90m# src/test/resources/features/auth.feature:13&amp#27;[0m
20:10:08.089 [main] INFO io.cucumber.core.plugin.SerenityReporter - Running feature from file:///D:/Elionds/Kuliah/Kuli%20ah/Semester%208/Studi%20Independen/Alta/web%20ui%20test/MiniProject-WebUI-master/src/test/resources/features/auth.feature
20:10:08.093 [main] INFO  - 
  _____   ___   ___   _____     ___   _____     _     ___   _____   ___   ___  
 |_   _| | __| / __| |_   _|   / __| |_   _|   /_\   | _ \ |_   _| | __| |   \ 
   | |   | _|  \__ \   | |     \__ \   | |    / _ \  |   /   | |   | _|  | |) |
   |_|   |___| |___/   |_|     |___/   |_|   /_/ \_\ |_|_\   |_|   |___| |___/ 

Failed login(auth;failed-login)
--------------------------------------------------------------------------------
20:10:08.118 [main] DEBUG net.thucydides.core.steps.StepInterceptor - STARTING STEP: LoginSteps.iAmOnTheLoginPage - openUrl
20:10:08.120 [main] INFO net.serenitybdd.core.webdriver.driverproviders.ChromeDriverProvider - Using automatically driver download
20:10:08.301 [main] DEBUG io.github.bonigarcia.wdm.cache.ResolutionCache - Resolution chrome=101 in cache (valid until 21:07:57 17/05/2022 WIB)
20:10:08.307 [main] DEBUG io.github.bonigarcia.wdm.cache.ResolutionCache - Resolution chrome101=101.0.4951.41 in cache (valid until 18:33:35 18/05/2022 ICT)
20:10:08.311 [main] INFO io.github.bonigarcia.wdm.WebDriverManager - Using chromedriver 101.0.4951.41 (resolved driver for Chrome 101)
20:10:08.326 [main] DEBUG io.github.bonigarcia.wdm.WebDriverManager - Driver chromedriver 101.0.4951.41 found in cache
20:10:08.327 [main] INFO io.github.bonigarcia.wdm.WebDriverManager - Exporting webdriver.chrome.driver as C:\Users\Galadriel\.cache\selenium\chromedriver\win32\101.0.4951.41\chromedriver.exe
20:10:08.477 [main] DEBUG net.serenitybdd.core.webdriver.driverproviders.ProvideNewDriver - Instantiating driver
20:10:08.477 [main] DEBUG net.serenitybdd.core.webdriver.driverproviders.ProvideNewDriver - Driver capabilities: Capabilities {acceptInsecureCerts: false, base.url: https://qa.alta.id/, browserName: chrome, chrome.driver: src/test/resources/web-driv..., driver: chrome, goog:chromeOptions: {args: [], extensions: []}}
  &amp#27;[31mGiven &amp#27;[0m&amp#27;[31mI am on the login page&amp#27;[0m                      &amp#27;[90m# stepdefinitions.LoginSteps.iAmOnTheLoginPage()&amp#27;[0m
      &amp#27;[31mnet.thucydides.core.webdriver.DriverConfigurationError: Could not instantiate class org.openqa.selenium.chrome.ChromeDriver
	at net.thucydides.core.webdriver.WebDriverFacade.newDriverInstance(WebDriverFacade.java:146)
	at net.thucydides.core.webdriver.WebDriverFacade.newProxyDriver(WebDriverFacade.java:134)
	at net.thucydides.core.webdriver.WebDriverFacade.getProxiedDriver(WebDriverFacade.java:104)
	at net.thucydides.core.webdriver.WebDriverFacade.get(WebDriverFacade.java:174)
	at net.serenitybdd.core.pages.PageObject.openPageAtUrl(PageObject.java:983)
	at net.serenitybdd.core.pages.PageObject.openUrl(PageObject.java:929)
	at pages.LoginPage.openUrl(LoginPage.java:31)
	at pages.LoginPage$ByteBuddy$a9tUPVuO.openUrl$accessor$0M71D06Y(Unknown Source)
	at java.base/jdk.internal.reflect.DirectMethodHandleAccessor.invoke(DirectMethodHandleAccessor.java:104)
	at java.base/java.lang.reflect.Method.invoke(Method.java:577)
	at net.thucydides.core.steps.StepInterceptor.invokeMethod(StepInterceptor.java:503)
	at net.thucydides.core.steps.StepInterceptor.executeTestStepMethod(StepInterceptor.java:483)
	at net.thucydides.core.steps.StepInterceptor.runTestStep(StepInterceptor.java:457)
	at net.thucydides.core.steps.StepInterceptor.runOrSkipMethod(StepInterceptor.java:209)
	at net.thucydides.core.steps.StepInterceptor.testStepResult(StepInterceptor.java:196)
	at net.thucydides.core.steps.StepInterceptor.intercept(StepInterceptor.java:84)
	at net.thucydides.core.steps.ProxyConfiguration$InterceptorDispatcher.intercept(ProxyConfiguration.java:51)
	at pages.LoginPage$ByteBuddy$a9tUPVuO.openUrl(Unknown Source)
	at stepdefinitions.LoginSteps.iAmOnTheLoginPage(LoginSteps.java:21)
	at ✽.I am on the login page(file:///D:/Elionds/Kuliah/Kuli%20ah/Semester%208/Studi%20Independen/Alta/web%20ui%20test/MiniProject-WebUI-master/src/test/resources/features/auth.feature:14)
Caused by: net.thucydides.core.webdriver.DriverConfigurationError: Could not instantiate new WebDriver instance of type class org.openqa.selenium.chrome.ChromeDriver (Could not start a new session. Possible causes are invalid address of the remote server or browser start-up failure.). See below for more details.
	at net.thucydides.core.webdriver.WebDriverFactory.newWebdriverInstance(WebDriverFactory.java:146)
	at net.thucydides.core.webdriver.WebDriverFacade.newDriverInstance(WebDriverFacade.java:143)
	at net.thucydides.core.webdriver.WebDriverFacade.newProxyDriver(WebDriverFacade.java:134)
	at net.thucydides.core.webdriver.WebDriverFacade.getProxiedDriver(WebDriverFacade.java:104)
	at net.thucydides.core.webdriver.WebDriverFacade.get(WebDriverFacade.java:174)
	at net.serenitybdd.core.pages.PageObject.openPageAtUrl(PageObject.java:983)
	at net.serenitybdd.core.pages.PageObject.openUrl(PageObject.java:929)
	at pages.LoginPage.openUrl(LoginPage.java:31)
	at pages.LoginPage$ByteBuddy$a9tUPVuO.openUrl$accessor$0M71D06Y(Unknown Source)
	at java.base/jdk.internal.reflect.DirectMethodHandleAccessor.invoke(DirectMethodHandleAccessor.java:104)
	at java.base/java.lang.reflect.Method.invoke(Method.java:577)
	at net.thucydides.core.steps.StepInterceptor.invokeMethod(StepInterceptor.java:503)
	at net.thucydides.core.steps.StepInterceptor.executeTestStepMethod(StepInterceptor.java:483)
	at net.thucydides.core.steps.StepInterceptor.runTestStep(StepInterceptor.java:457)
	at net.thucydides.core.steps.StepInterceptor.runOrSkipMethod(StepInterceptor.java:209)
	at net.thucydides.core.steps.StepInterceptor.testStepResult(StepInterceptor.java:196)
	at net.thucydides.core.steps.StepInterceptor.intercept(StepInterceptor.java:84)
	at net.thucydides.core.steps.ProxyConfiguration$InterceptorDispatcher.intercept(ProxyConfiguration.java:51)
	at pages.LoginPage$ByteBuddy$a9tUPVuO.openUrl(Unknown Source)
	at stepdefinitions.LoginSteps.iAmOnTheLoginPage(LoginSteps.java:21)
	at java.base/jdk.internal.reflect.DirectMethodHandleAccessor.invoke(DirectMethodHandleAccessor.java:104)
	at java.base/java.lang.reflect.Method.invoke(Method.java:577)
	at io.cucumber.java.Invoker.doInvoke(Invoker.java:66)
	at io.cucumber.java.Invoker.invoke(Invoker.java:24)
	at io.cucumber.java.AbstractGlueDefinition.invokeMethod(AbstractGlueDefinition.java:47)
	at io.cucumber.java.JavaStepDefinition.execute(JavaStepDefinition.java:29)
	at io.cucumber.core.runner.CoreStepDefinition.execute(CoreStepDefinition.java:66)
	at io.cucumber.core.runner.PickleStepDefinitionMatch.runStep(PickleStepDefinitionMatch.java:63)
	at io.cucumber.core.runner.ExecutionMode$1.execute(ExecutionMode.java:10)
	at io.cucumber.core.runner.TestStep.executeStep(TestStep.java:86)
	at io.cucumber.core.runner.TestStep.run(TestStep.java:57)
	at io.cucumber.core.runner.PickleStepTestStep.run(PickleStepTestStep.java:51)
	at io.cucumber.core.runner.TestCase.run(TestCase.java:95)
	at io.cucumber.core.runner.Runner.runPickle(Runner.java:75)
	at io.cucumber.junit.PickleRunners$NoStepDescriptions.lambda$run$0(PickleRunners.java:151)
	at io.cucumber.core.runtime.CucumberExecutionContext.lambda$runTestCase$3(CucumberExecutionContext.java:151)
	at io.cucumber.core.runtime.RethrowingThrowableCollector.executeAndThrow(RethrowingThrowableCollector.java:23)
	at io.cucumber.core.runtime.CucumberExecutionContext.runTestCase(CucumberExecutionContext.java:151)
	at io.cucumber.junit.PickleRunners$NoStepDescriptions.run(PickleRunners.java:148)
	at io.cucumber.junit.FeatureRunner.runChild(FeatureRunner.java:144)
	at io.cucumber.junit.FeatureRunner.runChild(FeatureRunner.java:28)
	at org.junit.runners.ParentRunner$4.run(ParentRunner.java:331)
	at org.junit.runners.ParentRunner$1.schedule(ParentRunner.java:79)
	at org.junit.runners.ParentRunner.runChildren(ParentRunner.java:329)
	at org.junit.runners.ParentRunner.access$100(ParentRunner.java:66)
	at org.junit.runners.ParentRunner$2.evaluate(ParentRunner.java:293)
	at org.junit.runners.ParentRunner$3.evaluate(ParentRunner.java:306)
	at org.junit.runners.ParentRunner.run(ParentRunner.java:413)
	at io.cucumber.junit.FeatureRunner.run(FeatureRunner.java:137)
	at io.cucumber.junit.CucumberSerenityRunner.runChild(CucumberSerenityRunner.java:258)
	at io.cucumber.junit.CucumberSerenityRunner.runChild(CucumberSerenityRunner.java:58)
	at org.junit.runners.ParentRunner$4.run(ParentRunner.java:331)
	at org.junit.runners.ParentRunner$1.schedule(ParentRunner.java:79)
	at org.junit.runners.ParentRunner.runChildren(ParentRunner.java:329)
	at org.junit.runners.ParentRunner.access$100(ParentRunner.java:66)
	at org.junit.runners.ParentRunner$2.evaluate(ParentRunner.java:293)
	at io.cucumber.junit.CucumberSerenityRunner$RunCucumber.evaluate(CucumberSerenityRunner.java:287)
	at org.junit.runners.ParentRunner$3.evaluate(ParentRunner.java:306)
	at org.junit.runners.ParentRunner.run(ParentRunner.java:413)
	at org.junit.runner.JUnitCore.run(JUnitCore.java:137)
	at org.junit.runner.JUnitCore.run(JUnitCore.java:115)
	at org.junit.vintage.engine.execution.RunnerExecutor.execute(RunnerExecutor.java:42)
	at org.junit.vintage.engine.VintageTestEngine.executeAllChildren(VintageTestEngine.java:80)
	at org.junit.vintage.engine.VintageTestEngine.execute(VintageTestEngine.java:72)
	at org.junit.platform.launcher.core.EngineExecutionOrchestrator.execute(EngineExecutionOrchestrator.java:107)
	at org.junit.platform.launcher.core.EngineExecutionOrchestrator.execute(EngineExecutionOrchestrator.java:88)
	at org.junit.platform.launcher.core.EngineExecutionOrchestrator.lambda$execute$0(EngineExecutionOrchestrator.java:54)
	at org.junit.platform.launcher.core.EngineExecutionOrchestrator.withInterceptedStreams(EngineExecutionOrchestrator.java:67)
	at org.junit.platform.launcher.core.EngineExecutionOrchestrator.execute(EngineExecutionOrchestrator.java:52)
	at org.junit.platform.launcher.core.DefaultLauncher.execute(DefaultLauncher.java:114)
	at org.junit.platform.launcher.core.DefaultLauncher.execute(DefaultLauncher.java:86)
	at org.junit.platform.launcher.core.DefaultLauncherSession$DelegatingLauncher.execute(DefaultLauncherSession.java:86)
	at org.apache.maven.surefire.junitplatform.LazyLauncher.execute(LazyLauncher.java:55)
	at org.apache.maven.surefire.junitplatform.JUnitPlatformProvider.execute(JUnitPlatformProvider.java:223)
	at org.apache.maven.surefire.junitplatform.JUnitPlatformProvider.invokeAllTests(JUnitPlatformProvider.java:175)
	at org.apache.maven.surefire.junitplatform.JUnitPlatformProvider.invoke(JUnitPlatformProvider.java:139)
	at org.apache.maven.surefire.booter.ForkedBooter.runSuitesInProcess(ForkedBooter.java:456)
	at org.apache.maven.surefire.booter.ForkedBooter.execute(ForkedBooter.java:169)
	at org.apache.maven.surefire.booter.ForkedBooter.run(ForkedBooter.java:595)
	at org.apache.maven.surefire.booter.ForkedBooter.main(ForkedBooter.java:581)
Caused by: org.openqa.selenium.SessionNotCreatedException: Could not start a new session. Possible causes are invalid address of the remote server or browser start-up failure.
	at org.openqa.selenium.remote.RemoteWebDriver.execute(RemoteWebDriver.java:576)
	at org.openqa.selenium.remote.RemoteWebDriver.startSession(RemoteWebDriver.java:245)
	at org.openqa.selenium.remote.RemoteWebDriver.<init>(RemoteWebDriver.java:161)
	at org.openqa.selenium.chromium.ChromiumDriver.<init>(ChromiumDriver.java:108)
	at org.openqa.selenium.chrome.ChromeDriver.<init>(ChromeDriver.java:106)
	at org.openqa.selenium.chrome.ChromeDriver.<init>(ChromeDriver.java:93)
	at org.openqa.selenium.chrome.ChromeDriver.<init>(ChromeDriver.java:82)
	at net.serenitybdd.core.webdriver.driverproviders.ChromeDriverProvider.lambda$newInstance$0(ChromeDriverProvider.java:67)
	at net.serenitybdd.core.webdriver.driverproviders.ProvideNewDriver.withConfiguration(ProvideNewDriver.java:40)
	at net.serenitybdd.core.webdriver.driverproviders.ChromeDriverProvider.newInstance(ChromeDriverProvider.java:63)
	at net.thucydides.core.webdriver.WebDriverFactory.createWebDriver(WebDriverFactory.java:157)
	at net.thucydides.core.webdriver.WebDriverFactory.newWebdriverInstance(WebDriverFactory.java:136)
	... 79 more
Caused by: org.openqa.selenium.WebDriverException: Driver server process died prematurely.
Build info: version: '4.1.2', revision: '9a5a329c5a'
System info: host: 'LAPTOP-8332K2E2', ip: '10.10.10.2', os.name: 'Windows 10', os.arch: 'amd64', os.version: '10.0', java.version: '18.0.1.1'
Driver info: driver.version: ProvideNewDriver
	at org.openqa.selenium.remote.service.DriverService.start(DriverService.java:226)
	at org.openqa.selenium.remote.service.DriverCommandExecutor.execute(DriverCommandExecutor.java:98)
	at org.openqa.selenium.remote.RemoteWebDriver.execute(RemoteWebDriver.java:558)
	... 90 more
&amp#27;[0m
  &amp#27;[36mWhen &amp#27;[0m&amp#27;[36mI input invalid username&amp#27;[0m                     &amp#27;[90m# stepdefinitions.LoginSteps.iInputInvalidUsername()&amp#27;[0m
  &amp#27;[36mAnd &amp#27;[0m&amp#27;[36mI input valid password&amp#27;[0m                        &amp#27;[90m# stepdefinitions.LoginSteps.iInputValidPassword()&amp#27;[0m
  &amp#27;[36mAnd &amp#27;[0m&amp#27;[36mclick login button&amp#27;[0m                            &amp#27;[90m# stepdefinitions.LoginSteps.clickLoginButton()&amp#27;[0m
  &amp#27;[36mThen &amp#27;[0m&amp#27;[36merror message &amp#27;[0m&amp#27;[36m&amp#27;[1m"email or password is invalid"&amp#27;[0m &amp#27;[90m# stepdefinitions.LoginSteps.errorMessage(java.lang.String)&amp#27;[0m
20:10:08.583 [main] ERROR  - 
  _____   ___   ___   _____     ___   ___   ___    ___    ___ 
 |_   _| | __| / __| |_   _|   | __| | _ \ | _ \  / _ \  | _ \
   | |   | _|  \__ \   | |     | _|  |   / |   / | (_) | |   /
   |_|   |___| |___/   |_|     |___| |_|_\ |_|_\  \___/  |_|_\

Failed login
---------------------------------------------------------------
20:10:08.584 [main] DEBUG  - RELATED ISSUES: 
20:10:08.585 [main] ERROR  -     Test failed at step: Open url
20:10:08.585 [main] ERROR  -     Could not instantiate class org.openqa.selenium.chrome.ChromeDriver
]]></system-out>
  </testcase>
  <testcase name="Register account" classname="Auth" time="0.622">
    <error message="Could not instantiate class org.openqa.selenium.chrome.ChromeDriver" type="net.thucydides.core.webdriver.DriverConfigurationError"><![CDATA[net.thucydides.core.webdriver.DriverConfigurationError: Could not instantiate class org.openqa.selenium.chrome.ChromeDriver
	at net.thucydides.core.webdriver.WebDriverFacade.newDriverInstance(WebDriverFacade.java:146)
	at net.thucydides.core.webdriver.WebDriverFacade.newProxyDriver(WebDriverFacade.java:134)
	at net.thucydides.core.webdriver.WebDriverFacade.getProxiedDriver(WebDriverFacade.java:104)
	at net.thucydides.core.webdriver.WebDriverFacade.get(WebDriverFacade.java:174)
	at net.serenitybdd.core.pages.PageObject.openPageAtUrl(PageObject.java:983)
	at net.serenitybdd.core.pages.PageObject.openUrl(PageObject.java:929)
	at pages.RegisPage.openUrl(RegisPage.java:31)
	at pages.RegisPage$ByteBuddy$rCtC98AO.openUrl$accessor$D7YaOq7D(Unknown Source)
	at java.base/jdk.internal.reflect.DirectMethodHandleAccessor.invoke(DirectMethodHandleAccessor.java:104)
	at java.base/java.lang.reflect.Method.invoke(Method.java:577)
	at net.thucydides.core.steps.StepInterceptor.invokeMethod(StepInterceptor.java:503)
	at net.thucydides.core.steps.StepInterceptor.executeTestStepMethod(StepInterceptor.java:483)
	at net.thucydides.core.steps.StepInterceptor.runTestStep(StepInterceptor.java:457)
	at net.thucydides.core.steps.StepInterceptor.runOrSkipMethod(StepInterceptor.java:209)
	at net.thucydides.core.steps.StepInterceptor.testStepResult(StepInterceptor.java:196)
	at net.thucydides.core.steps.StepInterceptor.intercept(StepInterceptor.java:84)
	at net.thucydides.core.steps.ProxyConfiguration$InterceptorDispatcher.intercept(ProxyConfiguration.java:51)
	at pages.RegisPage$ByteBuddy$rCtC98AO.openUrl(Unknown Source)
	at stepdefinitions.RegistSteps.iAmOnTheRegisterPage(RegistSteps.java:24)
	at ✽.I am on the register page(file:///D:/Elionds/Kuliah/Kuli%20ah/Semester%208/Studi%20Independen/Alta/web%20ui%20test/MiniProject-WebUI-master/src/test/resources/features/auth.feature:21)
Caused by: net.thucydides.core.webdriver.DriverConfigurationError: Could not instantiate new WebDriver instance of type class org.openqa.selenium.chrome.ChromeDriver (Could not start a new session. Possible causes are invalid address of the remote server or browser start-up failure.). See below for more details.
	at net.thucydides.core.webdriver.WebDriverFactory.newWebdriverInstance(WebDriverFactory.java:146)
	at net.thucydides.core.webdriver.WebDriverFacade.newDriverInstance(WebDriverFacade.java:143)
	at net.thucydides.core.webdriver.WebDriverFacade.newProxyDriver(WebDriverFacade.java:134)
	at net.thucydides.core.webdriver.WebDriverFacade.getProxiedDriver(WebDriverFacade.java:104)
	at net.thucydides.core.webdriver.WebDriverFacade.get(WebDriverFacade.java:174)
	at net.serenitybdd.core.pages.PageObject.openPageAtUrl(PageObject.java:983)
	at net.serenitybdd.core.pages.PageObject.openUrl(PageObject.java:929)
	at pages.RegisPage.openUrl(RegisPage.java:31)
	at pages.RegisPage$ByteBuddy$rCtC98AO.openUrl$accessor$D7YaOq7D(Unknown Source)
	at java.base/jdk.internal.reflect.DirectMethodHandleAccessor.invoke(DirectMethodHandleAccessor.java:104)
	at java.base/java.lang.reflect.Method.invoke(Method.java:577)
	at net.thucydides.core.steps.StepInterceptor.invokeMethod(StepInterceptor.java:503)
	at net.thucydides.core.steps.StepInterceptor.executeTestStepMethod(StepInterceptor.java:483)
	at net.thucydides.core.steps.StepInterceptor.runTestStep(StepInterceptor.java:457)
	at net.thucydides.core.steps.StepInterceptor.runOrSkipMethod(StepInterceptor.java:209)
	at net.thucydides.core.steps.StepInterceptor.testStepResult(StepInterceptor.java:196)
	at net.thucydides.core.steps.StepInterceptor.intercept(StepInterceptor.java:84)
	at net.thucydides.core.steps.ProxyConfiguration$InterceptorDispatcher.intercept(ProxyConfiguration.java:51)
	at pages.RegisPage$ByteBuddy$rCtC98AO.openUrl(Unknown Source)
	at stepdefinitions.RegistSteps.iAmOnTheRegisterPage(RegistSteps.java:24)
	at java.base/jdk.internal.reflect.DirectMethodHandleAccessor.invoke(DirectMethodHandleAccessor.java:104)
	at java.base/java.lang.reflect.Method.invoke(Method.java:577)
	at io.cucumber.java.Invoker.doInvoke(Invoker.java:66)
	at io.cucumber.java.Invoker.invoke(Invoker.java:24)
	at io.cucumber.java.AbstractGlueDefinition.invokeMethod(AbstractGlueDefinition.java:47)
	at io.cucumber.java.JavaStepDefinition.execute(JavaStepDefinition.java:29)
	at io.cucumber.core.runner.CoreStepDefinition.execute(CoreStepDefinition.java:66)
	at io.cucumber.core.runner.PickleStepDefinitionMatch.runStep(PickleStepDefinitionMatch.java:63)
	at io.cucumber.core.runner.ExecutionMode$1.execute(ExecutionMode.java:10)
	at io.cucumber.core.runner.TestStep.executeStep(TestStep.java:86)
	at io.cucumber.core.runner.TestStep.run(TestStep.java:57)
	at io.cucumber.core.runner.PickleStepTestStep.run(PickleStepTestStep.java:51)
	at io.cucumber.core.runner.TestCase.run(TestCase.java:95)
	at io.cucumber.core.runner.Runner.runPickle(Runner.java:75)
	at io.cucumber.junit.PickleRunners$NoStepDescriptions.lambda$run$0(PickleRunners.java:151)
	at io.cucumber.core.runtime.CucumberExecutionContext.lambda$runTestCase$3(CucumberExecutionContext.java:151)
	at io.cucumber.core.runtime.RethrowingThrowableCollector.executeAndThrow(RethrowingThrowableCollector.java:23)
	at io.cucumber.core.runtime.CucumberExecutionContext.runTestCase(CucumberExecutionContext.java:151)
	at io.cucumber.junit.PickleRunners$NoStepDescriptions.run(PickleRunners.java:148)
	at io.cucumber.junit.FeatureRunner.runChild(FeatureRunner.java:144)
	at io.cucumber.junit.FeatureRunner.runChild(FeatureRunner.java:28)
	at org.junit.runners.ParentRunner$4.run(ParentRunner.java:331)
	at org.junit.runners.ParentRunner$1.schedule(ParentRunner.java:79)
	at org.junit.runners.ParentRunner.runChildren(ParentRunner.java:329)
	at org.junit.runners.ParentRunner.access$100(ParentRunner.java:66)
	at org.junit.runners.ParentRunner$2.evaluate(ParentRunner.java:293)
	at org.junit.runners.ParentRunner$3.evaluate(ParentRunner.java:306)
	at org.junit.runners.ParentRunner.run(ParentRunner.java:413)
	at io.cucumber.junit.FeatureRunner.run(FeatureRunner.java:137)
	at io.cucumber.junit.CucumberSerenityRunner.runChild(CucumberSerenityRunner.java:258)
	at io.cucumber.junit.CucumberSerenityRunner.runChild(CucumberSerenityRunner.java:58)
	at org.junit.runners.ParentRunner$4.run(ParentRunner.java:331)
	at org.junit.runners.ParentRunner$1.schedule(ParentRunner.java:79)
	at org.junit.runners.ParentRunner.runChildren(ParentRunner.java:329)
	at org.junit.runners.ParentRunner.access$100(ParentRunner.java:66)
	at org.junit.runners.ParentRunner$2.evaluate(ParentRunner.java:293)
	at io.cucumber.junit.CucumberSerenityRunner$RunCucumber.evaluate(CucumberSerenityRunner.java:287)
	at org.junit.runners.ParentRunner$3.evaluate(ParentRunner.java:306)
	at org.junit.runners.ParentRunner.run(ParentRunner.java:413)
	at org.junit.runner.JUnitCore.run(JUnitCore.java:137)
	at org.junit.runner.JUnitCore.run(JUnitCore.java:115)
	at org.junit.vintage.engine.execution.RunnerExecutor.execute(RunnerExecutor.java:42)
	at org.junit.vintage.engine.VintageTestEngine.executeAllChildren(VintageTestEngine.java:80)
	at org.junit.vintage.engine.VintageTestEngine.execute(VintageTestEngine.java:72)
	at org.junit.platform.launcher.core.EngineExecutionOrchestrator.execute(EngineExecutionOrchestrator.java:107)
	at org.junit.platform.launcher.core.EngineExecutionOrchestrator.execute(EngineExecutionOrchestrator.java:88)
	at org.junit.platform.launcher.core.EngineExecutionOrchestrator.lambda$execute$0(EngineExecutionOrchestrator.java:54)
	at org.junit.platform.launcher.core.EngineExecutionOrchestrator.withInterceptedStreams(EngineExecutionOrchestrator.java:67)
	at org.junit.platform.launcher.core.EngineExecutionOrchestrator.execute(EngineExecutionOrchestrator.java:52)
	at org.junit.platform.launcher.core.DefaultLauncher.execute(DefaultLauncher.java:114)
	at org.junit.platform.launcher.core.DefaultLauncher.execute(DefaultLauncher.java:86)
	at org.junit.platform.launcher.core.DefaultLauncherSession$DelegatingLauncher.execute(DefaultLauncherSession.java:86)
	at org.apache.maven.surefire.junitplatform.LazyLauncher.execute(LazyLauncher.java:55)
	at org.apache.maven.surefire.junitplatform.JUnitPlatformProvider.execute(JUnitPlatformProvider.java:223)
	at org.apache.maven.surefire.junitplatform.JUnitPlatformProvider.invokeAllTests(JUnitPlatformProvider.java:175)
	at org.apache.maven.surefire.junitplatform.JUnitPlatformProvider.invoke(JUnitPlatformProvider.java:139)
	at org.apache.maven.surefire.booter.ForkedBooter.runSuitesInProcess(ForkedBooter.java:456)
	at org.apache.maven.surefire.booter.ForkedBooter.execute(ForkedBooter.java:169)
	at org.apache.maven.surefire.booter.ForkedBooter.run(ForkedBooter.java:595)
	at org.apache.maven.surefire.booter.ForkedBooter.main(ForkedBooter.java:581)
Caused by: org.openqa.selenium.SessionNotCreatedException: Could not start a new session. Possible causes are invalid address of the remote server or browser start-up failure.
	at org.openqa.selenium.remote.RemoteWebDriver.execute(RemoteWebDriver.java:576)
	at org.openqa.selenium.remote.RemoteWebDriver.startSession(RemoteWebDriver.java:245)
	at org.openqa.selenium.remote.RemoteWebDriver.<init>(RemoteWebDriver.java:161)
	at org.openqa.selenium.chromium.ChromiumDriver.<init>(ChromiumDriver.java:108)
	at org.openqa.selenium.chrome.ChromeDriver.<init>(ChromeDriver.java:106)
	at org.openqa.selenium.chrome.ChromeDriver.<init>(ChromeDriver.java:93)
	at org.openqa.selenium.chrome.ChromeDriver.<init>(ChromeDriver.java:82)
	at net.serenitybdd.core.webdriver.driverproviders.ChromeDriverProvider.lambda$newInstance$0(ChromeDriverProvider.java:67)
	at net.serenitybdd.core.webdriver.driverproviders.ProvideNewDriver.withConfiguration(ProvideNewDriver.java:40)
	at net.serenitybdd.core.webdriver.driverproviders.ChromeDriverProvider.newInstance(ChromeDriverProvider.java:63)
	at net.thucydides.core.webdriver.WebDriverFactory.createWebDriver(WebDriverFactory.java:157)
	at net.thucydides.core.webdriver.WebDriverFactory.newWebdriverInstance(WebDriverFactory.java:136)
	... 79 more
Caused by: org.openqa.selenium.WebDriverException: Driver server process died prematurely.
Build info: version: '4.1.2', revision: '9a5a329c5a'
System info: host: 'LAPTOP-8332K2E2', ip: '10.10.10.2', os.name: 'Windows 10', os.arch: 'amd64', os.version: '10.0', java.version: '18.0.1.1'
Driver info: driver.version: ProvideNewDriver
	at org.openqa.selenium.remote.service.DriverService.start(DriverService.java:226)
	at org.openqa.selenium.remote.service.DriverCommandExecutor.execute(DriverCommandExecutor.java:98)
	at org.openqa.selenium.remote.RemoteWebDriver.execute(RemoteWebDriver.java:558)
	... 90 more
]]></error>
    <system-out><![CDATA[
Scenario: Register account         &amp#27;[90m# src/test/resources/features/auth.feature:20&amp#27;[0m
20:10:08.603 [main] INFO io.cucumber.core.plugin.SerenityReporter - Running feature from file:///D:/Elionds/Kuliah/Kuli%20ah/Semester%208/Studi%20Independen/Alta/web%20ui%20test/MiniProject-WebUI-master/src/test/resources/features/auth.feature
20:10:08.605 [main] INFO  - 
  _____   ___   ___   _____     ___   _____     _     ___   _____   ___   ___  
 |_   _| | __| / __| |_   _|   / __| |_   _|   /_\   | _ \ |_   _| | __| |   \ 
   | |   | _|  \__ \   | |     \__ \   | |    / _ \  |   /   | |   | _|  | |) |
   |_|   |___| |___/   |_|     |___/   |_|   /_/ \_\ |_|_\   |_|   |___| |___/ 

Register account(auth;register-account)
--------------------------------------------------------------------------------
20:10:08.736 [main] DEBUG net.thucydides.core.steps.StepInterceptor - STARTING STEP: RegistSteps.iAmOnTheRegisterPage - openUrl
20:10:08.739 [main] INFO net.serenitybdd.core.webdriver.driverproviders.ChromeDriverProvider - Using automatically driver download
20:10:08.882 [main] DEBUG io.github.bonigarcia.wdm.cache.ResolutionCache - Resolution chrome=101 in cache (valid until 21:07:57 17/05/2022 WIB)
20:10:08.888 [main] DEBUG io.github.bonigarcia.wdm.cache.ResolutionCache - Resolution chrome101=101.0.4951.41 in cache (valid until 18:33:35 18/05/2022 ICT)
20:10:08.890 [main] INFO io.github.bonigarcia.wdm.WebDriverManager - Using chromedriver 101.0.4951.41 (resolved driver for Chrome 101)
20:10:08.904 [main] DEBUG io.github.bonigarcia.wdm.WebDriverManager - Driver chromedriver 101.0.4951.41 found in cache
20:10:08.905 [main] INFO io.github.bonigarcia.wdm.WebDriverManager - Exporting webdriver.chrome.driver as C:\Users\Galadriel\.cache\selenium\chromedriver\win32\101.0.4951.41\chromedriver.exe
20:10:09.066 [main] DEBUG net.serenitybdd.core.webdriver.driverproviders.ProvideNewDriver - Instantiating driver
20:10:09.066 [main] DEBUG net.serenitybdd.core.webdriver.driverproviders.ProvideNewDriver - Driver capabilities: Capabilities {acceptInsecureCerts: false, base.url: https://qa.alta.id/, browserName: chrome, chrome.driver: src/test/resources/web-driv..., driver: chrome, goog:chromeOptions: {args: [], extensions: []}}
  &amp#27;[31mGiven &amp#27;[0m&amp#27;[31mI am on the register page&amp#27;[0m  &amp#27;[90m# stepdefinitions.RegistSteps.iAmOnTheRegisterPage()&amp#27;[0m
      &amp#27;[31mnet.thucydides.core.webdriver.DriverConfigurationError: Could not instantiate class org.openqa.selenium.chrome.ChromeDriver
	at net.thucydides.core.webdriver.WebDriverFacade.newDriverInstance(WebDriverFacade.java:146)
	at net.thucydides.core.webdriver.WebDriverFacade.newProxyDriver(WebDriverFacade.java:134)
	at net.thucydides.core.webdriver.WebDriverFacade.getProxiedDriver(WebDriverFacade.java:104)
	at net.thucydides.core.webdriver.WebDriverFacade.get(WebDriverFacade.java:174)
	at net.serenitybdd.core.pages.PageObject.openPageAtUrl(PageObject.java:983)
	at net.serenitybdd.core.pages.PageObject.openUrl(PageObject.java:929)
	at pages.RegisPage.openUrl(RegisPage.java:31)
	at pages.RegisPage$ByteBuddy$rCtC98AO.openUrl$accessor$D7YaOq7D(Unknown Source)
	at java.base/jdk.internal.reflect.DirectMethodHandleAccessor.invoke(DirectMethodHandleAccessor.java:104)
	at java.base/java.lang.reflect.Method.invoke(Method.java:577)
	at net.thucydides.core.steps.StepInterceptor.invokeMethod(StepInterceptor.java:503)
	at net.thucydides.core.steps.StepInterceptor.executeTestStepMethod(StepInterceptor.java:483)
	at net.thucydides.core.steps.StepInterceptor.runTestStep(StepInterceptor.java:457)
	at net.thucydides.core.steps.StepInterceptor.runOrSkipMethod(StepInterceptor.java:209)
	at net.thucydides.core.steps.StepInterceptor.testStepResult(StepInterceptor.java:196)
	at net.thucydides.core.steps.StepInterceptor.intercept(StepInterceptor.java:84)
	at net.thucydides.core.steps.ProxyConfiguration$InterceptorDispatcher.intercept(ProxyConfiguration.java:51)
	at pages.RegisPage$ByteBuddy$rCtC98AO.openUrl(Unknown Source)
	at stepdefinitions.RegistSteps.iAmOnTheRegisterPage(RegistSteps.java:24)
	at ✽.I am on the register page(file:///D:/Elionds/Kuliah/Kuli%20ah/Semester%208/Studi%20Independen/Alta/web%20ui%20test/MiniProject-WebUI-master/src/test/resources/features/auth.feature:21)
Caused by: net.thucydides.core.webdriver.DriverConfigurationError: Could not instantiate new WebDriver instance of type class org.openqa.selenium.chrome.ChromeDriver (Could not start a new session. Possible causes are invalid address of the remote server or browser start-up failure.). See below for more details.
	at net.thucydides.core.webdriver.WebDriverFactory.newWebdriverInstance(WebDriverFactory.java:146)
	at net.thucydides.core.webdriver.WebDriverFacade.newDriverInstance(WebDriverFacade.java:143)
	at net.thucydides.core.webdriver.WebDriverFacade.newProxyDriver(WebDriverFacade.java:134)
	at net.thucydides.core.webdriver.WebDriverFacade.getProxiedDriver(WebDriverFacade.java:104)
	at net.thucydides.core.webdriver.WebDriverFacade.get(WebDriverFacade.java:174)
	at net.serenitybdd.core.pages.PageObject.openPageAtUrl(PageObject.java:983)
	at net.serenitybdd.core.pages.PageObject.openUrl(PageObject.java:929)
	at pages.RegisPage.openUrl(RegisPage.java:31)
	at pages.RegisPage$ByteBuddy$rCtC98AO.openUrl$accessor$D7YaOq7D(Unknown Source)
	at java.base/jdk.internal.reflect.DirectMethodHandleAccessor.invoke(DirectMethodHandleAccessor.java:104)
	at java.base/java.lang.reflect.Method.invoke(Method.java:577)
	at net.thucydides.core.steps.StepInterceptor.invokeMethod(StepInterceptor.java:503)
	at net.thucydides.core.steps.StepInterceptor.executeTestStepMethod(StepInterceptor.java:483)
	at net.thucydides.core.steps.StepInterceptor.runTestStep(StepInterceptor.java:457)
	at net.thucydides.core.steps.StepInterceptor.runOrSkipMethod(StepInterceptor.java:209)
	at net.thucydides.core.steps.StepInterceptor.testStepResult(StepInterceptor.java:196)
	at net.thucydides.core.steps.StepInterceptor.intercept(StepInterceptor.java:84)
	at net.thucydides.core.steps.ProxyConfiguration$InterceptorDispatcher.intercept(ProxyConfiguration.java:51)
	at pages.RegisPage$ByteBuddy$rCtC98AO.openUrl(Unknown Source)
	at stepdefinitions.RegistSteps.iAmOnTheRegisterPage(RegistSteps.java:24)
	at java.base/jdk.internal.reflect.DirectMethodHandleAccessor.invoke(DirectMethodHandleAccessor.java:104)
	at java.base/java.lang.reflect.Method.invoke(Method.java:577)
	at io.cucumber.java.Invoker.doInvoke(Invoker.java:66)
[...]
	at org.junit.runners.ParentRunner$1.schedule(ParentRunner.java:79)
	at org.junit.runners.ParentRunner.runChildren(ParentRunner.java:329)
	at org.junit.runners.ParentRunner.access$100(ParentRunner.java:66)
	at org.junit.runners.ParentRunner$2.evaluate(ParentRunner.java:293)
	at org.junit.runners.ParentRunner$3.evaluate(ParentRunner.java:306)
	at org.junit.runners.ParentRunner.run(ParentRunner.java:413)
	at io.cucumber.junit.FeatureRunner.run(FeatureRunner.java:137)
	at io.cucumber.junit.CucumberSerenityRunner.runChild(CucumberSerenityRunner.java:258)
	at io.cucumber.junit.CucumberSerenityRunner.runChild(CucumberSerenityRunner.java:58)
	at org.junit.runners.ParentRunner$4.run(ParentRunner.java:331)
	at org.junit.runners.ParentRunner$1.schedule(ParentRunner.java:79)
	at org.junit.runners.ParentRunner.runChildren(ParentRunner.java:329)
	at org.junit.runners.ParentRunner.access$100(ParentRunner.java:66)
	at org.junit.runners.ParentRunner$2.evaluate(ParentRunner.java:293)
	at io.cucumber.junit.CucumberSerenityRunner$RunCucumber.evaluate(CucumberSerenityRunner.java:287)
	at org.junit.runners.ParentRunner$3.evaluate(ParentRunner.java:306)
	at org.junit.runners.ParentRunner.run(ParentRunner.java:413)
	at org.junit.runner.JUnitCore.run(JUnitCore.java:137)
	at org.junit.runner.JUnitCore.run(JUnitCore.java:115)
	at org.junit.vintage.engine.execution.RunnerExecutor.execute(RunnerExecutor.java:42)
	at org.junit.vintage.engine.VintageTestEngine.executeAllChildren(VintageTestEngine.java:80)
	at org.junit.vintage.engine.VintageTestEngine.execute(VintageTestEngine.java:72)
	at org.junit.platform.launcher.core.EngineExecutionOrchestrator.execute(EngineExecutionOrchestrator.java:107)
	at org.junit.platform.launcher.core.EngineExecutionOrchestrator.execute(EngineExecutionOrchestrator.java:88)
	at org.junit.platform.launcher.core.EngineExecutionOrchestrator.lambda$execute$0(EngineExecutionOrchestrator.java:54)
	at org.junit.platform.launcher.core.EngineExecutionOrchestrator.withInterceptedStreams(EngineExecutionOrchestrator.java:67)
	at org.junit.platform.launcher.core.EngineExecutionOrchestrator.execute(EngineExecutionOrchestrator.java:52)
	at org.junit.platform.launcher.core.DefaultLauncher.execute(DefaultLauncher.java:114)
	at org.junit.platform.launcher.core.DefaultLauncher.execute(DefaultLauncher.java:86)
	at org.junit.platform.launcher.core.DefaultLauncherSession$DelegatingLauncher.execute(DefaultLauncherSession.java:86)
	at org.apache.maven.surefire.junitplatform.LazyLauncher.execute(LazyLauncher.java:55)
	at org.apache.maven.surefire.junitplatform.JUnitPlatformProvider.execute(JUnitPlatformProvider.java:223)
	at org.apache.maven.surefire.junitplatform.JUnitPlatformProvider.invokeAllTests(JUnitPlatformProvider.java:175)
	at org.apache.maven.surefire.junitplatform.JUnitPlatformProvider.invoke(JUnitPlatformProvider.java:139)
	at org.apache.maven.surefire.booter.ForkedBooter.runSuitesInProcess(ForkedBooter.java:456)
	at org.apache.maven.surefire.booter.ForkedBooter.execute(ForkedBooter.java:169)
	at org.apache.maven.surefire.booter.ForkedBooter.run(ForkedBooter.java:595)
	at org.apache.maven.surefire.booter.ForkedBooter.main(ForkedBooter.java:581)
Caused by: org.openqa.selenium.SessionNotCreatedException: Could not start a new session. Possible causes are invalid address of the remote server or browser start-up failure.
	at org.openqa.selenium.remote.RemoteWebDriver.execute(RemoteWebDriver.java:576)
	at org.openqa.selenium.remote.RemoteWebDriver.startSession(RemoteWebDriver.java:245)
	at org.openqa.selenium.remote.RemoteWebDriver.<init>(RemoteWebDriver.java:161)
	at org.openqa.selenium.chromium.ChromiumDriver.<init>(ChromiumDriver.java:108)
	at org.openqa.selenium.chrome.ChromeDriver.<init>(ChromeDriver.java:106)
	at org.openqa.selenium.chrome.ChromeDriver.<init>(ChromeDriver.java:93)
	at org.openqa.selenium.chrome.ChromeDriver.<init>(ChromeDriver.java:82)
	at net.serenitybdd.core.webdriver.driverproviders.ChromeDriverProvider.lambda$newInstance$0(ChromeDriverProvider.java:67)
	at net.serenitybdd.core.webdriver.driverproviders.ProvideNewDriver.withConfiguration(ProvideNewDriver.java:40)
	at net.serenitybdd.core.webdriver.driverproviders.ChromeDriverProvider.newInstance(ChromeDriverProvider.java:63)
	at net.thucydides.core.webdriver.WebDriverFactory.createWebDriver(WebDriverFactory.java:157)
	at net.thucydides.core.webdriver.WebDriverFactory.newWebdriverInstance(WebDriverFactory.java:136)
	... 80 more
Caused by: org.openqa.selenium.WebDriverException: Driver server process died prematurely.
Build info: version: '4.1.2', revision: '9a5a329c5a'
System info: host: 'LAPTOP-8332K2E2', ip: '10.10.10.2', os.name: 'Windows 10', os.arch: 'amd64', os.version: '10.0', java.version: '18.0.1.1'
Driver info: driver.version: ProvideNewDriver
	at org.openqa.selenium.remote.service.DriverService.start(DriverService.java:226)
	at org.openqa.selenium.remote.service.DriverCommandExecutor.execute(DriverCommandExecutor.java:98)
	at org.openqa.selenium.remote.RemoteWebDriver.execute(RemoteWebDriver.java:558)
	... 91 more
]]></error>
    <system-out><![CDATA[20:10:10.424 [main] INFO io.cucumber.core.plugin.SerenityReporter - Running feature from file:///D:/Elionds/Kuliah/Kuli%20ah/Semester%208/Studi%20Independen/Alta/web%20ui%20test/MiniProject-WebUI-master/src/test/resources/features/products.feature
20:10:10.427 [main] DEBUG net.thucydides.core.steps.StepEventBus - Test suite started for story net.thucydides.core.model.Story@a88c5f6d
20:10:10.427 [main] INFO  - Test Suite Started: Home

Scenario: As a user I have to be able to get list products &amp#27;[90m# src/test/resources/features/products.feature:6&amp#27;[0m
20:10:10.434 [main] INFO io.cucumber.core.plugin.SerenityReporter - Running feature from file:///D:/Elionds/Kuliah/Kuli%20ah/Semester%208/Studi%20Independen/Alta/web%20ui%20test/MiniProject-WebUI-master/src/test/resources/features/products.feature
20:10:10.436 [main] INFO  - 
  _____   ___   ___   _____     ___   _____     _     ___   _____   ___   ___  
 |_   _| | __| / __| |_   _|   / __| |_   _|   /_\   | _ \ |_   _| | __| |   \ 
   | |   | _|  \__ \   | |     \__ \   | |    / _ \  |   /   | |   | _|  | |) |
   |_|   |___| |___/   |_|     |___/   |_|   /_/ \_\ |_|_\   |_|   |___| |___/ 

As a user I have to be able to get list products(home;as-a-user-i-have-to-be-able-to-get-list-products)
--------------------------------------------------------------------------------
20:10:10.516 [main] DEBUG net.thucydides.core.steps.StepInterceptor - STARTING STEP: CategoriesStep.onTheMainPage - openPage
20:10:10.520 [main] INFO net.serenitybdd.core.webdriver.driverproviders.ChromeDriverProvider - Using automatically driver download
20:10:10.666 [main] DEBUG io.github.bonigarcia.wdm.cache.ResolutionCache - Resolution chrome=101 in cache (valid until 21:07:57 17/05/2022 WIB)
20:10:10.669 [main] DEBUG io.github.bonigarcia.wdm.cache.ResolutionCache - Resolution chrome101=101.0.4951.41 in cache (valid until 18:33:35 18/05/2022 ICT)
20:10:10.671 [main] INFO io.github.bonigarcia.wdm.WebDriverManager - Using chromedriver 101.0.4951.41 (resolved driver for Chrome 101)
20:10:10.680 [main] DEBUG io.github.bonigarcia.wdm.WebDriverManager - Driver chromedriver 101.0.4951.41 found in cache
20:10:10.680 [main] INFO io.github.bonigarcia.wdm.WebDriverManager - Exporting webdriver.chrome.driver as C:\Users\Galadriel\.cache\selenium\chromedriver\win32\101.0.4951.41\chromedriver.exe
20:10:10.809 [main] DEBUG net.serenitybdd.core.webdriver.driverproviders.ProvideNewDriver - Instantiating driver
20:10:10.809 [main] DEBUG net.serenitybdd.core.webdriver.driverproviders.ProvideNewDriver - Driver capabilities: Capabilities {acceptInsecureCerts: false, base.url: https://qa.alta.id/, browserName: chrome, chrome.driver: src/test/resources/web-driv..., driver: chrome, goog:chromeOptions: {args: [], extensions: []}}
  &amp#27;[31mGiven &amp#27;[0m&amp#27;[31mI am on main page&amp#27;[0m                                  &amp#27;[90m# stepdefinitions.CategoriesStep.onTheMainPage()&amp#27;[0m
      &amp#27;[31mnet.thucydides.core.webdriver.DriverConfigurationError: Could not instantiate class org.openqa.selenium.chrome.ChromeDriver
	at net.thucydides.core.webdriver.WebDriverFacade.newDriverInstance(WebDriverFacade.java:146)
	at net.thucydides.core.webdriver.WebDriverFacade.newProxyDriver(WebDriverFacade.java:134)
	at net.thucydides.core.webdriver.WebDriverFacade.getProxiedDriver(WebDriverFacade.java:104)
	at net.thucydides.core.webdriver.WebDriverFacade.get(WebDriverFacade.java:174)
	at net.serenitybdd.core.pages.PageObject.openPageAtUrl(PageObject.java:983)
	at net.serenitybdd.core.pages.PageObject.open(PageObject.java:881)
	at net.serenitybdd.core.pages.PageObject.open(PageObject.java:869)
	at pages.CategoriesPage.openPage(CategoriesPage.java:16)
	at pages.CategoriesPage$ByteBuddy$Es6TClK2.openPage$accessor$wDKPaN6M(Unknown Source)
	at java.base/jdk.internal.reflect.DirectMethodHandleAccessor.invoke(DirectMethodHandleAccessor.java:104)
	at java.base/java.lang.reflect.Method.invoke(Method.java:577)
	at net.thucydides.core.steps.StepInterceptor.invokeMethod(StepInterceptor.java:503)
	at net.thucydides.core.steps.StepInterceptor.executeTestStepMethod(StepInterceptor.java:483)
	at net.thucydides.core.steps.StepInterceptor.runTestStep(StepInterceptor.java:457)
	at net.thucydides.core.steps.StepInterceptor.runOrSkipMethod(StepInterceptor.java:209)
	at net.thucydides.core.steps.StepInterceptor.testStepResult(StepInterceptor.java:196)
	at net.thucydides.core.steps.StepInterceptor.intercept(StepInterceptor.java:84)
	at net.thucydides.core.steps.ProxyConfiguration$InterceptorDispatcher.intercept(ProxyConfiguration.java:51)
	at pages.CategoriesPage$ByteBuddy$Es6TClK2.openPage(Unknown Source)
	at stepdefinitions.CategoriesStep.onTheMainPage(CategoriesStep.java:14)
	at ✽.I am on main page(file:///D:/Elionds/Kuliah/Kuli%20ah/Semester%208/Studi%20Independen/Alta/web%20ui%20test/MiniProject-WebUI-master/src/test/resources/features/products.feature:7)
Caused by: net.thucydides.core.webdriver.DriverConfigurationError: Could not instantiate new WebDriver instance of type class org.openqa.selenium.chrome.ChromeDriver (Could not start a new session. Possible causes are invalid address of the remote server or browser start-up failure.). See below for more details.
	at net.thucydides.core.webdriver.WebDriverFactory.newWebdriverInstance(WebDriverFactory.java:146)
	at net.thucydides.core.webdriver.WebDriverFacade.newDriverInstance(WebDriverFacade.java:143)
	at net.thucydides.core.webdriver.WebDriverFacade.newProxyDriver(WebDriverFacade.java:134)
	at net.thucydides.core.webdriver.WebDriverFacade.getProxiedDriver(WebDriverFacade.java:104)
	at net.thucydides.core.webdriver.WebDriverFacade.get(WebDriverFacade.java:174)
	at net.serenitybdd.core.pages.PageObject.openPageAtUrl(PageObject.java:983)
	at net.serenitybdd.core.pages.PageObject.open(PageObject.java:881)
	at net.serenitybdd.core.pages.PageObject.open(PageObject.java:869)
	at pages.CategoriesPage.openPage(CategoriesPage.java:16)
	at pages.CategoriesPage$ByteBuddy$Es6TClK2.openPage$accessor$wDKPaN6M(Unknown Source)
	at java.base/jdk.internal.reflect.DirectMethodHandleAccessor.invoke(DirectMethodHandleAccessor.java:104)
	at java.base/java.lang.reflect.Method.invoke(Method.java:577)
	at net.thucydides.core.steps.StepInterceptor.invokeMethod(StepInterceptor.java:503)
	at net.thucydides.core.steps.StepInterceptor.executeTestStepMethod(StepInterceptor.java:483)
	at net.thucydides.core.steps.StepInterceptor.runTestStep(StepInterceptor.java:457)
	at net.thucydides.core.steps.StepInterceptor.runOrSkipMethod(StepInterceptor.java:209)
	at net.thucydides.core.steps.StepInterceptor.testStepResult(StepInterceptor.java:196)
	at net.thucydides.core.steps.StepInterceptor.intercept(StepInterceptor.java:84)
	at net.thucydides.core.steps.ProxyConfiguration$InterceptorDispatcher.intercept(ProxyConfiguration.java:51)
	at pages.CategoriesPage$ByteBuddy$Es6TClK2.openPage(Unknown Source)
	at stepdefinitions.CategoriesStep.onTheMainPage(CategoriesStep.java:14)
	at java.base/jdk.internal.reflect.DirectMethodHandleAccessor.invoke(DirectMethodHandleAccessor.java:104)
	at java.base/java.lang.reflect.Method.invoke(Method.java:577)
	at io.cucumber.java.Invoker.doInvoke(Invoker.java:66)
	at io.cucumber.java.Invoker.invoke(Invoker.java:24)
	at io.cucumber.java.AbstractGlueDefinition.invokeMethod(AbstractGlueDefinition.java:47)
	at io.cucumber.java.JavaStepDefinition.execute(JavaStepDefinition.java:29)
	at io.cucumber.core.runner.CoreStepDefinition.execute(CoreStepDefinition.java:66)
	at io.cucumber.core.runner.PickleStepDefinitionMatch.runStep(PickleStepDefinitionMatch.java:63)
	at io.cucumber.core.runner.ExecutionMode$1.execute(ExecutionMode.java:10)
	at io.cucumber.core.runner.TestStep.executeStep(TestStep.java:86)
	at io.cucumber.core.runner.TestStep.run(TestStep.java:57)
	at io.cucumber.core.runner.PickleStepTestStep.run(PickleStepTestStep.java:51)
	at io.cucumber.core.runner.TestCase.run(TestCase.java:95)
	at io.cucumber.core.runner.Runner.runPickle(Runner.java:75)
	at io.cucumber.junit.PickleRunners$NoStepDescriptions.lambda$run$0(PickleRunners.java:151)
	at io.cucumber.core.runtime.CucumberExecutionContext.lambda$runTestCase$3(CucumberExecutionContext.java:151)
	at io.cucumber.core.runtime.RethrowingThrowableCollector.executeAndThrow(RethrowingThrowableCollector.java:23)
	at io.cucumber.core.runtime.CucumberExecutionContext.runTestCase(CucumberExecutionContext.java:151)
	at io.cucumber.junit.PickleRunners$NoStepDescriptions.run(PickleRunners.java:148)
	at io.cucumber.junit.FeatureRunner.runChild(FeatureRunner.java:144)
	at io.cucumber.junit.FeatureRunner.runChild(FeatureRunner.java:28)
	at org.junit.runners.ParentRunner$4.run(ParentRunner.java:331)
	at org.junit.runners.ParentRunner$1.schedule(ParentRunner.java:79)
	at org.junit.runners.ParentRunner.runChildren(ParentRunner.java:329)
	at org.junit.runners.ParentRunner.access$100(ParentRunner.java:66)
	at org.junit.runners.ParentRunner$2.evaluate(ParentRunner.java:293)
	at org.junit.runners.ParentRunner$3.evaluate(ParentRunner.java:306)
	at org.junit.runners.ParentRunner.run(ParentRunner.java:413)
	at io.cucumber.junit.FeatureRunner.run(FeatureRunner.java:137)
	at io.cucumber.junit.CucumberSerenityRunner.runChild(CucumberSerenityRunner.java:258)
	at io.cucumber.junit.CucumberSerenityRunner.runChild(CucumberSerenityRunner.java:58)
	at org.junit.runners.ParentRunner$4.run(ParentRunner.java:331)
	at org.junit.runners.ParentRunner$1.schedule(ParentRunner.java:79)
	at org.junit.runners.ParentRunner.runChildren(ParentRunner.java:329)
	at org.junit.runners.ParentRunner.access$100(ParentRunner.java:66)
	at org.junit.runners.ParentRunner$2.evaluate(ParentRunner.java:293)
	at io.cucumber.junit.CucumberSerenityRunner$RunCucumber.evaluate(CucumberSerenityRunner.java:287)
	at org.junit.runners.ParentRunner$3.evaluate(ParentRunner.java:306)
	at org.junit.runners.ParentRunner.run(ParentRunner.java:413)
	at org.junit.runner.JUnitCore.run(JUnitCore.java:137)
	at org.junit.runner.JUnitCore.run(JUnitCore.java:115)
	at org.junit.vintage.engine.execution.RunnerExecutor.execute(RunnerExecutor.java:42)
	at org.junit.vintage.engine.VintageTestEngine.executeAllChildren(VintageTestEngine.java:80)
	at org.junit.vintage.engine.VintageTestEngine.execute(VintageTestEngine.java:72)
	at org.junit.platform.launcher.core.EngineExecutionOrchestrator.execute(EngineExecutionOrchestrator.java:107)
	at org.junit.platform.launcher.core.EngineExecutionOrchestrator.execute(EngineExecutionOrchestrator.java:88)
	at org.junit.platform.launcher.core.EngineExecutionOrchestrator.lambda$execute$0(EngineExecutionOrchestrator.java:54)
	at org.junit.platform.launcher.core.EngineExecutionOrchestrator.withInterceptedStreams(EngineExecutionOrchestrator.java:67)
	at org.junit.platform.launcher.core.EngineExecutionOrchestrator.execute(EngineExecutionOrchestrator.java:52)
	at org.junit.platform.launcher.core.DefaultLauncher.execute(DefaultLauncher.java:114)
	at org.junit.platform.launcher.core.DefaultLauncher.execute(DefaultLauncher.java:86)
	at org.junit.platform.launcher.core.DefaultLauncherSession$DelegatingLauncher.execute(DefaultLauncherSession.java:86)
	at org.apache.maven.surefire.junitplatform.LazyLauncher.execute(LazyLauncher.java:55)
	at org.apache.maven.surefire.junitplatform.JUnitPlatformProvider.execute(JUnitPlatformProvider.java:223)
	at org.apache.maven.surefire.junitplatform.JUnitPlatformProvider.invokeAllTests(JUnitPlatformProvider.java:175)
	at org.apache.maven.surefire.junitplatform.JUnitPlatformProvider.invoke(JUnitPlatformProvider.java:139)
	at org.apache.maven.surefire.booter.ForkedBooter.runSuitesInProcess(ForkedBooter.java:456)
	at org.apache.maven.surefire.booter.ForkedBooter.execute(ForkedBooter.java:169)
	at org.apache.maven.surefire.booter.ForkedBooter.run(ForkedBooter.java:595)
	at org.apache.maven.surefire.booter.ForkedBooter.main(ForkedBooter.java:581)
Caused by: org.openqa.selenium.SessionNotCreatedException: Could not start a new session. Possible causes are invalid address of the remote server or browser start-up failure.
	at org.openqa.selenium.remote.RemoteWebDriver.execute(RemoteWebDriver.java:576)
	at org.openqa.selenium.remote.RemoteWebDriver.startSession(RemoteWebDriver.java:245)
	at org.openqa.selenium.remote.RemoteWebDriver.<init>(RemoteWebDriver.java:161)
	at org.openqa.selenium.chromium.ChromiumDriver.<init>(ChromiumDriver.java:108)
	at org.openqa.selenium.chrome.ChromeDriver.<init>(ChromeDriver.java:106)
	at org.openqa.selenium.chrome.ChromeDriver.<init>(ChromeDriver.java:93)
	at org.openqa.selenium.chrome.ChromeDriver.<init>(ChromeDriver.java:82)
	at net.serenitybdd.core.webdriver.driverproviders.ChromeDriverProvider.lambda$newInstance$0(ChromeDriverProvider.java:67)
	at net.serenitybdd.core.webdriver.driverproviders.ProvideNewDriver.withConfiguration(ProvideNewDriver.java:40)
	at net.serenitybdd.core.webdriver.driverproviders.ChromeDriverProvider.newInstance(ChromeDriverProvider.java:63)
	at net.thucydides.core.webdriver.WebDriverFactory.createWebDriver(WebDriverFactory.java:157)
	at net.thucydides.core.webdriver.WebDriverFactory.newWebdriverInstance(WebDriverFactory.java:136)
	... 80 more
Caused by: org.openqa.selenium.WebDriverException: Driver server process died prematurely.
Build info: version: '4.1.2', revision: '9a5a329c5a'
System info: host: 'LAPTOP-8332K2E2', ip: '10.10.10.2', os.name: 'Windows 10', os.arch: 'amd64', os.version: '10.0', java.version: '18.0.1.1'
Driver info: driver.version: ProvideNewDriver
	at org.openqa.selenium.remote.service.DriverService.start(DriverService.java:226)
	at org.openqa.selenium.remote.service.DriverCommandExecutor.execute(DriverCommandExecutor.java:98)
	at org.openqa.selenium.remote.RemoteWebDriver.execute(RemoteWebDriver.java:558)
	... 91 more
&amp#27;[0m
  &amp#27;[36mWhen &amp#27;[0m&amp#27;[36mmain page&amp#27;[0m                                           &amp#27;[90m# stepdefinitions.CategoriesStep.mainPage()&amp#27;[0m
  &amp#27;[36mThen &amp#27;[0m&amp#27;[36mShow all products&amp#27;[0m                                   &amp#27;[90m# stepdefinitions.CategoriesStep.showAllProducts()&amp#27;[0m
20:10:10.904 [main] ERROR  - 
  _____   ___   ___   _____     ___   ___   ___    ___    ___ 
 |_   _| | __| / __| |_   _|   | __| | _ \ | _ \  / _ \  | _ \
   | |   | _|  \__ \   | |     | _|  |   / |   / | (_) | |   /
   |_|   |___| |___/   |_|     |___| |_|_\ |_|_\  \___/  |_|_\

As a user I have to be able to get list products
---------------------------------------------------------------
20:10:10.904 [main] DEBUG  - RELATED ISSUES: 
20:10:10.904 [main] ERROR  -     Test failed at step: Open page
20:10:10.904 [main] ERROR  -     Could not instantiate class org.openqa.selenium.chrome.ChromeDriver
]]></system-out>
  </testcase>
</testsuite>